<?xml version="1.0" encoding="UTF-8"?>
<!-- Generated by org.testng.reporters.JUnitReportReporter -->
<testsuite hostname="CTLINDT-0119" name="tv.hooq.web.scripts.HOOQ_Search" tests="4" failures="0" timestamp="11 Apr 2017 12:02:47 GMT" time="505.503" errors="0">
  <testcase name="Hooq_Search" time="172.181" classname="tv.hooq.web.scripts.HOOQ_Search"/>
  <testcase name="Hooq_Search" time="129.778" classname="tv.hooq.web.scripts.HOOQ_Search"/>
  <testcase name="Hooq_Search" time="97.461" classname="tv.hooq.web.scripts.HOOQ_Search"/>
  <testcase name="Hooq_Search" time="106.083" classname="tv.hooq.web.scripts.HOOQ_Search"/>
</testsuite> <!-- tv.hooq.web.scripts.HOOQ_Search -->
