<?xml version="1.0" encoding="UTF-8"?>
<!-- Generated by org.testng.reporters.JUnitReportReporter -->
<testsuite hostname="CTLINDT-0119" name="tv.hooq.web.scripts.Hooq_Support" tests="1" failures="0" timestamp="26 Dec 2016 04:24:59 GMT" time="155.669" errors="0">
  <testcase name="Hooq_Support" time="155.669" classname="tv.hooq.web.scripts.Hooq_Support"/>
</testsuite> <!-- tv.hooq.web.scripts.Hooq_Support -->
