<?xml version="1.0" encoding="UTF-8"?>
<!-- Generated by org.testng.reporters.JUnitReportReporter -->
<testsuite hostname="CTLINDT-0119" name="tv.hooq.web.scripts.HOOQ_AnnonymousUserAttemptingContentPlayback" tests="1" failures="0" timestamp="26 Dec 2016 05:08:31 GMT" time="65.366" errors="0">
  <testcase name="c151_HOOQ_FreeTrialUserAttemptingContentPlayback" time="65.366" classname="tv.hooq.web.scripts.HOOQ_AnnonymousUserAttemptingContentPlayback"/>
</testsuite> <!-- tv.hooq.web.scripts.HOOQ_AnnonymousUserAttemptingContentPlayback -->
