<?xml version="1.0" encoding="UTF-8"?>
<!-- Generated by org.testng.reporters.JUnitReportReporter -->
<testsuite hostname="CTLINDT-0119" name="tv.hooq.web.scripts.HOOQ_Verify_HomePage" tests="1" failures="0" timestamp="17 Nov 2016 03:38:29 GMT" time="14.636" errors="0">
  <testcase name="HOOQ_Verify_HomePageElements" time="14.636" classname="tv.hooq.web.scripts.HOOQ_Verify_HomePage"/>
</testsuite> <!-- tv.hooq.web.scripts.HOOQ_Verify_HomePage -->
