<?xml version="1.0" encoding="UTF-8"?>
<!-- Generated by org.testng.reporters.JUnitReportReporter -->
<testsuite hostname="CTLINDT-0119" name="tv.hooq.web.scripts.HOOQ_Support_BeforeLogin" tests="1" failures="0" timestamp="31 Mar 2017 07:40:35 GMT" time="133.142" errors="0">
  <testcase name="HOOQ_Support_BeforeLogin" time="133.142" classname="tv.hooq.web.scripts.HOOQ_Support_BeforeLogin"/>
</testsuite> <!-- tv.hooq.web.scripts.HOOQ_Support_BeforeLogin -->
