<?xml version="1.0" encoding="UTF-8"?>
<!-- Generated by org.testng.reporters.JUnitReportReporter -->
<testsuite hostname="CTLINDT-0119" name="tv.hooq.web.scripts.HOOQ_TVOD_Rent_With_Ticket" tests="1" failures="0" timestamp="10 Apr 2017 06:19:35 GMT" time="681.098" errors="0">
  <testcase name="HOOQ_TVOD_Rent_With_Ticket" time="681.098" classname="tv.hooq.web.scripts.HOOQ_TVOD_Rent_With_Ticket"/>
</testsuite> <!-- tv.hooq.web.scripts.HOOQ_TVOD_Rent_With_Ticket -->
