<?xml version="1.0" encoding="UTF-8"?>
<!-- Generated by org.testng.reporters.JUnitReportReporter -->
<testsuite hostname="CTLINDT-0119" name="tv.hooq.web.scripts.Hooq_Subscription" tests="1" failures="0" timestamp="31 Mar 2017 07:27:44 GMT" time="33.991" errors="0">
  <testcase name="Hooq_Subscription" time="33.991" classname="tv.hooq.web.scripts.Hooq_Subscription"/>
</testsuite> <!-- tv.hooq.web.scripts.Hooq_Subscription -->
