<?xml version="1.0" encoding="UTF-8"?>
<!-- Generated by org.testng.reporters.JUnitReportReporter -->
<testsuite hostname="CTLINDT-0119" name="tv.hooq.web.scripts.HOOQ_Subscription_CarrierBilling" tests="3" failures="0" timestamp="31 Mar 2017 07:23:36 GMT" time="525.237" errors="0">
  <testcase name="HOOQ_Subscription_CarrierBilling" time="200.095" classname="tv.hooq.web.scripts.HOOQ_Subscription_CarrierBilling"/>
  <testcase name="HOOQ_Subscription_CarrierBilling" time="181.598" classname="tv.hooq.web.scripts.HOOQ_Subscription_CarrierBilling"/>
  <testcase name="HOOQ_Subscription_CarrierBilling" time="143.544" classname="tv.hooq.web.scripts.HOOQ_Subscription_CarrierBilling"/>
</testsuite> <!-- tv.hooq.web.scripts.HOOQ_Subscription_CarrierBilling -->
