<?xml version="1.0" encoding="UTF-8"?>
<!-- Generated by org.testng.reporters.JUnitReportReporter -->
<testsuite hostname="CTLINDT-0119" name="tv.hooq.web.scripts.HOOQ_Web_GetStarted_All_Users" tests="1" failures="0" timestamp="20 Apr 2017 18:54:55 GMT" time="53.473" errors="0">
  <testcase name="HOOQ_Web_GetStarted_All_Users" time="53.473" classname="tv.hooq.web.scripts.HOOQ_Web_GetStarted_All_Users"/>
</testsuite> <!-- tv.hooq.web.scripts.HOOQ_Web_GetStarted_All_Users -->
