<?xml version="1.0" encoding="UTF-8"?>
<!-- Generated by org.testng.reporters.JUnitReportReporter -->
<testsuite hostname="CTLINDT-0119" name="tv.hooq.web.scripts.HOOQ_Verify_WatchLaterHomePage" tests="3" failures="0" timestamp="31 Mar 2017 09:57:31 GMT" time="774.890" errors="0">
  <testcase name="HOOQ_Verify_WatchLaterHomePage" time="315.415" classname="tv.hooq.web.scripts.HOOQ_Verify_WatchLaterHomePage"/>
  <testcase name="HOOQ_Verify_WatchLaterHomePage" time="276.703" classname="tv.hooq.web.scripts.HOOQ_Verify_WatchLaterHomePage"/>
  <testcase name="HOOQ_Verify_WatchLaterHomePage" time="182.772" classname="tv.hooq.web.scripts.HOOQ_Verify_WatchLaterHomePage"/>
</testsuite> <!-- tv.hooq.web.scripts.HOOQ_Verify_WatchLaterHomePage -->
