<?xml version="1.0" encoding="UTF-8"?>
<!-- Generated by org.testng.reporters.JUnitReportReporter -->
<testsuite hostname="CTLINDT-0119" name="tv.hooq.web.scripts.HOOQ_TVOD_Rent" tests="1" failures="0" timestamp="4 Apr 2017 06:35:26 GMT" time="399.976" errors="0">
  <testcase name="HOOQ_TVOD_Rent" time="399.976" classname="tv.hooq.web.scripts.HOOQ_TVOD_Rent"/>
</testsuite> <!-- tv.hooq.web.scripts.HOOQ_TVOD_Rent -->
