<?xml version="1.0" encoding="UTF-8"?>
<!-- Generated by org.testng.reporters.JUnitReportReporter -->
<testsuite hostname="CTLINDT-0119" name="tv.hooq.web.scripts.HOOQ_Web_Home_Page_VerifyBrowse" tests="4" failures="0" timestamp="20 Apr 2017 18:54:55 GMT" time="200.217" errors="0">
  <testcase name="HOOQ_Web_Home_Page_VerifyBrowse" time="57.078" classname="tv.hooq.web.scripts.HOOQ_Web_Home_Page_VerifyBrowse"/>
  <testcase name="HOOQ_Web_Home_Page_VerifyBrowse" time="31.349" classname="tv.hooq.web.scripts.HOOQ_Web_Home_Page_VerifyBrowse"/>
  <testcase name="HOOQ_Web_Home_Page_VerifyBrowse" time="50.556" classname="tv.hooq.web.scripts.HOOQ_Web_Home_Page_VerifyBrowse"/>
  <testcase name="HOOQ_Web_Home_Page_VerifyBrowse" time="61.234" classname="tv.hooq.web.scripts.HOOQ_Web_Home_Page_VerifyBrowse"/>
</testsuite> <!-- tv.hooq.web.scripts.HOOQ_Web_Home_Page_VerifyBrowse -->
