<?xml version="1.0" encoding="UTF-8"?>
<!-- Generated by org.testng.reporters.JUnitReportReporter -->
<testsuite hostname="CTLINDT-0119" name="tv.hooq.web.scripts.HOOQ_Web_Subscription_CheckingPaymentPlan" tests="3" failures="0" timestamp="12 Apr 2017 07:45:19 GMT" time="349.611" errors="0">
  <testcase name="HOOQ_Web_Subscription_CheckingPaymentPlan" time="87.086" classname="tv.hooq.web.scripts.HOOQ_Web_Subscription_CheckingPaymentPlan"/>
  <testcase name="HOOQ_Web_Subscription_CheckingPaymentPlan" time="61.812" classname="tv.hooq.web.scripts.HOOQ_Web_Subscription_CheckingPaymentPlan"/>
  <testcase name="HOOQ_Web_Subscription_CheckingPaymentPlan" time="200.713" classname="tv.hooq.web.scripts.HOOQ_Web_Subscription_CheckingPaymentPlan"/>
</testsuite> <!-- tv.hooq.web.scripts.HOOQ_Web_Subscription_CheckingPaymentPlan -->
