<?xml version="1.0" encoding="UTF-8"?>
<!-- Generated by org.testng.reporters.JUnitReportReporter -->
<testsuite hostname="CTLINDT-0119" name="tv.hooq.web.script.sanity.HOOQ_Web_Sanity_Search_ContentDetails" tests="2" failures="0" timestamp="27 Apr 2017 06:15:23 GMT" time="339.359" errors="0">
  <testcase name="HOOQ_Web_Sanity_Search_ContentDetails" time="115.745" classname="tv.hooq.web.script.sanity.HOOQ_Web_Sanity_Search_ContentDetails"/>
  <testcase name="HOOQ_Web_Sanity_Search_ContentDetails" time="223.614" classname="tv.hooq.web.script.sanity.HOOQ_Web_Sanity_Search_ContentDetails"/>
</testsuite> <!-- tv.hooq.web.script.sanity.HOOQ_Web_Sanity_Search_ContentDetails -->
