<?xml version="1.0" encoding="UTF-8"?>
<!-- Generated by org.testng.reporters.JUnitReportReporter -->
<testsuite hostname="HW0376" name="tv.hooq.web.scripts.HOOQ_GetStarted_All_Users" tests="5" failures="0" timestamp="13 Apr 2017 10:12:23 GMT" time="419.489" errors="0">
  <testcase name="HOOQ_GetStarted_All_Users" time="104.698" classname="tv.hooq.web.scripts.HOOQ_GetStarted_All_Users"/>
  <testcase name="HOOQ_GetStarted_All_Users" time="53.397" classname="tv.hooq.web.scripts.HOOQ_GetStarted_All_Users"/>
  <testcase name="HOOQ_GetStarted_All_Users" time="105.895" classname="tv.hooq.web.scripts.HOOQ_GetStarted_All_Users"/>
  <testcase name="HOOQ_GetStarted_All_Users" time="35.337" classname="tv.hooq.web.scripts.HOOQ_GetStarted_All_Users"/>
  <testcase name="HOOQ_GetStarted_All_Users" time="120.162" classname="tv.hooq.web.scripts.HOOQ_GetStarted_All_Users"/>
</testsuite> <!-- tv.hooq.web.scripts.HOOQ_GetStarted_All_Users -->
