<?xml version="1.0" encoding="UTF-8"?>
<!-- Generated by org.testng.reporters.JUnitReportReporter -->
<testsuite hostname="CTLINDT-0119" name="tv.hooq.web.script.sanity.HOOQ_Web_Sanity_Settings" tests="1" failures="0" timestamp="27 Apr 2017 06:15:23 GMT" time="208.648" errors="0">
  <testcase name="HOOQ_Web_Sanity_Settings" time="208.648" classname="tv.hooq.web.script.sanity.HOOQ_Web_Sanity_Settings"/>
</testsuite> <!-- tv.hooq.web.script.sanity.HOOQ_Web_Sanity_Settings -->
