<?xml version="1.0" encoding="UTF-8"?>
<!-- Generated by org.testng.reporters.JUnitReportReporter -->
<testsuite hostname="CTLINDT-0119" name="tv.hooq.web.scripts.HOOQ_Web_Verify_Voucher" tests="3" failures="0" timestamp="20 Apr 2017 18:54:55 GMT" time="161.429" errors="0">
  <testcase name="HOOQ_Web_Verify_Voucher" time="43.404" classname="tv.hooq.web.scripts.HOOQ_Web_Verify_Voucher"/>
  <testcase name="HOOQ_Web_Verify_Voucher" time="65.712" classname="tv.hooq.web.scripts.HOOQ_Web_Verify_Voucher"/>
  <testcase name="HOOQ_Web_Verify_Voucher" time="52.313" classname="tv.hooq.web.scripts.HOOQ_Web_Verify_Voucher"/>
</testsuite> <!-- tv.hooq.web.scripts.HOOQ_Web_Verify_Voucher -->
