<?xml version="1.0" encoding="UTF-8"?>
<!-- Generated by org.testng.reporters.JUnitReportReporter -->
<testsuite hostname="CTLINDT-0119" name="tv.hooq.web.scripts.HOOQ_Subscription_DebitCard" tests="3" failures="0" timestamp="2 Jan 2017 08:55:02 GMT" time="709.062" errors="0">
  <testcase name="Hooq_Subscription_DebitCard" time="228.898" classname="tv.hooq.web.scripts.HOOQ_Subscription_DebitCard"/>
  <testcase name="Hooq_Subscription_DebitCard" time="229.207" classname="tv.hooq.web.scripts.HOOQ_Subscription_DebitCard"/>
  <testcase name="Hooq_Subscription_DebitCard" time="250.957" classname="tv.hooq.web.scripts.HOOQ_Subscription_DebitCard"/>
</testsuite> <!-- tv.hooq.web.scripts.HOOQ_Subscription_DebitCard -->
