<?xml version="1.0" encoding="UTF-8"?>
<!-- Generated by org.testng.reporters.JUnitReportReporter -->
<testsuite hostname="CTLINDT-0119" name="tv.hooq.web.scripts.HOOQ_Subscription_CashCard" tests="3" failures="0" timestamp="2 Jan 2017 08:55:02 GMT" time="883.776" errors="0">
  <testcase name="HOOQ_Subscription_CashCard" time="295.865" classname="tv.hooq.web.scripts.HOOQ_Subscription_CashCard"/>
  <testcase name="HOOQ_Subscription_CashCard" time="298.941" classname="tv.hooq.web.scripts.HOOQ_Subscription_CashCard"/>
  <testcase name="HOOQ_Subscription_CashCard" time="288.970" classname="tv.hooq.web.scripts.HOOQ_Subscription_CashCard"/>
</testsuite> <!-- tv.hooq.web.scripts.HOOQ_Subscription_CashCard -->
