<?xml version="1.0" encoding="UTF-8"?>
<!-- Generated by org.testng.reporters.JUnitReportReporter -->
<testsuite hostname="CTLINDT-0119" name="tv.hooq.web.scripts.HOOQ_Web_Search_ContentDetails" tests="4" failures="0" timestamp="20 Apr 2017 18:54:56 GMT" time="595.512" errors="0">
  <testcase name="HOOQ_Web_Search_ContentDetails" time="176.556" classname="tv.hooq.web.scripts.HOOQ_Web_Search_ContentDetails"/>
  <testcase name="HOOQ_Web_Search_ContentDetails" time="126.301" classname="tv.hooq.web.scripts.HOOQ_Web_Search_ContentDetails"/>
  <testcase name="HOOQ_Web_Search_ContentDetails" time="143.612" classname="tv.hooq.web.scripts.HOOQ_Web_Search_ContentDetails"/>
  <testcase name="HOOQ_Web_Search_ContentDetails" time="149.043" classname="tv.hooq.web.scripts.HOOQ_Web_Search_ContentDetails"/>
</testsuite> <!-- tv.hooq.web.scripts.HOOQ_Web_Search_ContentDetails -->
