<?xml version="1.0" encoding="UTF-8"?>
<!-- Generated by org.testng.reporters.JUnitReportReporter -->
<testsuite hostname="CTLINDT-0119" name="tv.hooq.web.scripts.HOOQ_Player_Settings_FreeTrialUserAttemptingContentPlayback" tests="1" failures="0" timestamp="31 Mar 2017 06:40:50 GMT" time="145.161" errors="0">
  <testcase name="HOOQ_Player_Settings_FreeTrialUserAttemptingContentPlayback" time="145.161" classname="tv.hooq.web.scripts.HOOQ_Player_Settings_FreeTrialUserAttemptingContentPlayback"/>
</testsuite> <!-- tv.hooq.web.scripts.HOOQ_Player_Settings_FreeTrialUserAttemptingContentPlayback -->
