<?xml version="1.0" encoding="UTF-8"?>
<!-- Generated by org.testng.reporters.JUnitReportReporter -->
<testsuite hostname="CTLINDT-0119" name="tv.hooq.web.scripts.HOOQ_TVOD_Find_Duplicate_Collection_Rent" tests="1" failures="0" timestamp="24 Mar 2017 10:07:43 GMT" time="1107.734" errors="0">
  <testcase name="HOOQ_TVOD_Find_Duplicate_Collection_Rent" time="1107.734" classname="tv.hooq.web.scripts.HOOQ_TVOD_Find_Duplicate_Collection_Rent"/>
</testsuite> <!-- tv.hooq.web.scripts.HOOQ_TVOD_Find_Duplicate_Collection_Rent -->
