<?xml version="1.0" encoding="UTF-8"?>
<!-- Generated by org.testng.reporters.JUnitReportReporter -->
<testsuite hostname="CTLINDT-0119" name="tv.hooq.web.scripts.HOOQ_Settings" tests="1" failures="0" timestamp="31 Mar 2017 06:34:22 GMT" time="200.365" errors="0">
  <testcase name="HOOQ_Settings" time="200.365" classname="tv.hooq.web.scripts.HOOQ_Settings"/>
</testsuite> <!-- tv.hooq.web.scripts.HOOQ_Settings -->
