<?xml version="1.0" encoding="UTF-8"?>
<!-- Generated by org.testng.reporters.JUnitReportReporter -->
<testsuite hostname="CTLINDT-0119" name="tv.hooq.web.scripts.HOOQ_Verify_FavoriteHomePage" tests="3" failures="0" timestamp="31 Mar 2017 09:43:41 GMT" time="790.887" errors="0">
  <testcase name="HOOQ_Verify_FavoriteHomePage" time="292.314" classname="tv.hooq.web.scripts.HOOQ_Verify_FavoriteHomePage"/>
  <testcase name="HOOQ_Verify_FavoriteHomePage" time="297.027" classname="tv.hooq.web.scripts.HOOQ_Verify_FavoriteHomePage"/>
  <testcase name="HOOQ_Verify_FavoriteHomePage" time="201.546" classname="tv.hooq.web.scripts.HOOQ_Verify_FavoriteHomePage"/>
</testsuite> <!-- tv.hooq.web.scripts.HOOQ_Verify_FavoriteHomePage -->
