<?xml version="1.0" encoding="UTF-8"?>
<!-- Generated by org.testng.reporters.JUnitReportReporter -->
<testsuite hostname="CTLINDT-0119" name="tv.hooq.web.scripts.C132_HOOQ_LapsedUserAattemptingVideoPlayback" tests="1" failures="0" timestamp="26 Dec 2016 05:08:31 GMT" time="236.637" errors="0">
  <testcase name="c132_HOOQ_LapsedUserAattemptingVideoPlayback" time="236.637" classname="tv.hooq.web.scripts.C132_HOOQ_LapsedUserAattemptingVideoPlayback"/>
</testsuite> <!-- tv.hooq.web.scripts.C132_HOOQ_LapsedUserAattemptingVideoPlayback -->
