<?xml version="1.0" encoding="UTF-8"?>
<!-- Generated by org.testng.reporters.JUnitReportReporter -->
<testsuite hostname="CTLINDT-0119" name="tv.hooq.web.scripts.HOOQ_TVOD_Rent_With_CC" tests="1" failures="0" timestamp="4 Apr 2017 10:31:41 GMT" time="244.214" errors="0">
  <testcase name="HOOQ_TVOD_Rent" time="244.214" classname="tv.hooq.web.scripts.HOOQ_TVOD_Rent_With_CC"/>
</testsuite> <!-- tv.hooq.web.scripts.HOOQ_TVOD_Rent_With_CC -->
