<?xml version="1.0" encoding="UTF-8"?>
<!-- Generated by org.testng.reporters.JUnitReportReporter -->
<testsuite hostname="CTLINDT-0119" name="tv.hooq.web.scripts.HOOQ_Home_Page_VerifyHomePage" tests="4" failures="0" timestamp="21 Apr 2017 06:15:25 GMT" time="521.226" errors="0">
  <testcase name="HOOQ_Home_Page_VerifyHomePage" time="125.266" classname="tv.hooq.web.scripts.HOOQ_Home_Page_VerifyHomePage"/>
  <testcase name="HOOQ_Home_Page_VerifyHomePage" time="154.911" classname="tv.hooq.web.scripts.HOOQ_Home_Page_VerifyHomePage"/>
  <testcase name="HOOQ_Home_Page_VerifyHomePage" time="125.523" classname="tv.hooq.web.scripts.HOOQ_Home_Page_VerifyHomePage"/>
  <testcase name="HOOQ_Home_Page_VerifyHomePage" time="115.526" classname="tv.hooq.web.scripts.HOOQ_Home_Page_VerifyHomePage"/>
</testsuite> <!-- tv.hooq.web.scripts.HOOQ_Home_Page_VerifyHomePage -->
