<?xml version="1.0" encoding="UTF-8"?>
<!-- Generated by org.testng.reporters.JUnitReportReporter -->
<testsuite hostname="CTLINDT-0119" name="tv.hooq.web.scripts.HOOQ_Web_Home_Page_VerifyHomePage" tests="4" failures="0" timestamp="20 Apr 2017 18:54:56 GMT" time="540.423" errors="0">
  <testcase name="HOOQ_Web_Home_Page_VerifyHomePage" time="197.872" classname="tv.hooq.web.scripts.HOOQ_Web_Home_Page_VerifyHomePage"/>
  <testcase name="HOOQ_Web_Home_Page_VerifyHomePage" time="116.377" classname="tv.hooq.web.scripts.HOOQ_Web_Home_Page_VerifyHomePage"/>
  <testcase name="HOOQ_Web_Home_Page_VerifyHomePage" time="117.722" classname="tv.hooq.web.scripts.HOOQ_Web_Home_Page_VerifyHomePage"/>
  <testcase name="HOOQ_Web_Home_Page_VerifyHomePage" time="108.452" classname="tv.hooq.web.scripts.HOOQ_Web_Home_Page_VerifyHomePage"/>
</testsuite> <!-- tv.hooq.web.scripts.HOOQ_Web_Home_Page_VerifyHomePage -->
