<?xml version="1.0" encoding="UTF-8"?>
<!-- Generated by org.testng.reporters.JUnitReportReporter -->
<testsuite hostname="HW0376" name="tv.hooq.web.scripts.HOOQ_GeoLocation" tests="1" failures="0" timestamp="13 Apr 2017 10:34:46 GMT" time="10.818" errors="0">
  <testcase name="HOOQ_GeoLocation" time="10.818" classname="tv.hooq.web.scripts.HOOQ_GeoLocation"/>
</testsuite> <!-- tv.hooq.web.scripts.HOOQ_GeoLocation -->
