<?xml version="1.0" encoding="UTF-8"?>
<!-- Generated by org.testng.reporters.JUnitReportReporter -->
<testsuite hostname="CTLINDT-0119" name="tv.hooq.web.scripts.HOOQ_Web_FAQ_Search" tests="3" failures="0" timestamp="24 Apr 2017 07:30:01 GMT" time="246.156" errors="0">
  <testcase name="HOOQ_Web_FAQ_Search" time="87.919" classname="tv.hooq.web.scripts.HOOQ_Web_FAQ_Search"/>
  <testcase name="HOOQ_Web_FAQ_Search" time="83.476" classname="tv.hooq.web.scripts.HOOQ_Web_FAQ_Search"/>
  <testcase name="HOOQ_Web_FAQ_Search" time="74.761" classname="tv.hooq.web.scripts.HOOQ_Web_FAQ_Search"/>
</testsuite> <!-- tv.hooq.web.scripts.HOOQ_Web_FAQ_Search -->
