<?xml version="1.0" encoding="UTF-8"?>
<!-- Generated by org.testng.reporters.JUnitReportReporter -->
<testsuite hostname="HW0376" name="tv.hooq.web.scripts.HOOQ_Login_ResendEmail" tests="1" failures="0" timestamp="13 Apr 2017 10:16:46 GMT" time="55.191" errors="0">
  <testcase name="HOOQ_Login_Email_Resendemail" time="55.191" classname="tv.hooq.web.scripts.HOOQ_Login_ResendEmail"/>
</testsuite> <!-- tv.hooq.web.scripts.HOOQ_Login_ResendEmail -->
