<?xml version="1.0" encoding="UTF-8"?>
<!-- Generated by org.testng.reporters.JUnitReportReporter -->
<testsuite hostname="CTLINDT-0119" name="tv.hooq.web.scripts.HOOQ_Web_Verify_Favorite" tests="1" failures="0" timestamp="24 Apr 2017 08:56:02 GMT" time="212.272" errors="0">
  <testcase name="HOOQ_Web_Verify_Favorite" time="212.272" classname="tv.hooq.web.scripts.HOOQ_Web_Verify_Favorite"/>
</testsuite> <!-- tv.hooq.web.scripts.HOOQ_Web_Verify_Favorite -->
