<?xml version="1.0" encoding="UTF-8"?>
<!-- Generated by org.testng.reporters.JUnitReportReporter -->
<testsuite hostname="HW0376" name="tv.hooq.web.scripts.HOOQ_Signup_Geolocation" tests="1" failures="0" timestamp="13 Apr 2017 10:04:16 GMT" time="12.865" errors="0">
  <testcase name="HOOQ_Signup_Geolocation" time="12.865" classname="tv.hooq.web.scripts.HOOQ_Signup_Geolocation"/>
</testsuite> <!-- tv.hooq.web.scripts.HOOQ_Signup_Geolocation -->
