<?xml version="1.0" encoding="UTF-8"?>
<!-- Generated by org.testng.reporters.JUnitReportReporter -->
<testsuite hostname="CTLINDT-0119" name="tv.hooq.web.scripts.HOOQ_TVOD_Find_Duplicate_Collection_Browse" tests="1" failures="0" timestamp="24 Mar 2017 10:35:02 GMT" time="1431.667" errors="0">
  <testcase name="HOOQ_TVOD_Find_Duplicate_Collection_Browse" time="1431.667" classname="tv.hooq.web.scripts.HOOQ_TVOD_Find_Duplicate_Collection_Browse"/>
</testsuite> <!-- tv.hooq.web.scripts.HOOQ_TVOD_Find_Duplicate_Collection_Browse -->
