<?xml version="1.0" encoding="UTF-8"?>
<!-- Generated by org.testng.reporters.JUnitReportReporter -->
<testsuite hostname="CTLINDT-0119" name="tv.hooq.web.scripts.HOOQ_Web_PickYourPlan_ALL_USER" tests="5" failures="0" timestamp="20 Apr 2017 18:54:56 GMT" time="502.006" errors="0">
  <testcase name="HOOQ_Web_PickYourPlan_ALL_USER" time="36.231" classname="tv.hooq.web.scripts.HOOQ_Web_PickYourPlan_ALL_USER"/>
  <testcase name="HOOQ_Web_PickYourPlan_ALL_USER" time="170.863" classname="tv.hooq.web.scripts.HOOQ_Web_PickYourPlan_ALL_USER"/>
  <testcase name="HOOQ_Web_PickYourPlan_ALL_USER" time="116.638" classname="tv.hooq.web.scripts.HOOQ_Web_PickYourPlan_ALL_USER"/>
  <testcase name="HOOQ_Web_PickYourPlan_ALL_USER" time="103.039" classname="tv.hooq.web.scripts.HOOQ_Web_PickYourPlan_ALL_USER"/>
  <testcase name="HOOQ_Web_PickYourPlan_ALL_USER" time="75.235" classname="tv.hooq.web.scripts.HOOQ_Web_PickYourPlan_ALL_USER"/>
</testsuite> <!-- tv.hooq.web.scripts.HOOQ_Web_PickYourPlan_ALL_USER -->
