<?xml version="1.0" encoding="UTF-8"?>
<!-- Generated by org.testng.reporters.JUnitReportReporter -->
<testsuite hostname="HW0376" name="tv.hooq.web.scripts.HOOQ_PickYourPlan_ALL_USER" tests="5" failures="0" timestamp="13 Apr 2017 10:30:41 GMT" time="411.023" errors="0">
  <testcase name="HOOQ_PickYourPlan_ALL_USER" time="54.467" classname="tv.hooq.web.scripts.HOOQ_PickYourPlan_ALL_USER"/>
  <testcase name="HOOQ_PickYourPlan_ALL_USER" time="103.871" classname="tv.hooq.web.scripts.HOOQ_PickYourPlan_ALL_USER"/>
  <testcase name="HOOQ_PickYourPlan_ALL_USER" time="103.378" classname="tv.hooq.web.scripts.HOOQ_PickYourPlan_ALL_USER"/>
  <testcase name="HOOQ_PickYourPlan_ALL_USER" time="117.432" classname="tv.hooq.web.scripts.HOOQ_PickYourPlan_ALL_USER"/>
  <testcase name="HOOQ_PickYourPlan_ALL_USER" time="31.875" classname="tv.hooq.web.scripts.HOOQ_PickYourPlan_ALL_USER"/>
</testsuite> <!-- tv.hooq.web.scripts.HOOQ_PickYourPlan_ALL_USER -->
