<?xml version="1.0" encoding="UTF-8"?>
<!-- Generated by org.testng.reporters.JUnitReportReporter -->
<testsuite hostname="CTLINDT-0119" name="tv.hooq.web.scripts.C133_HOOQ_ActiveUserAttemptingVideoPlayback" tests="1" failures="0" timestamp="5 Dec 2016 06:24:26 GMT" time="267.775" errors="0">
  <testcase name="c133_HOOQ_ActiveUserAttemptingVideoPlayback" time="267.775" classname="tv.hooq.web.scripts.C133_HOOQ_ActiveUserAttemptingVideoPlayback"/>
</testsuite> <!-- tv.hooq.web.scripts.C133_HOOQ_ActiveUserAttemptingVideoPlayback -->
