<?xml version="1.0" encoding="UTF-8"?>
<!-- Generated by org.testng.reporters.JUnitReportReporter -->
<testsuite hostname="CTLINDT-0119" name="tv.hooq.web.scripts.HOOQ_Web_FAQLink" tests="3" failures="0" timestamp="24 Apr 2017 07:24:47 GMT" time="226.182" errors="0">
  <testcase name="HOOQ_Web_FAQLink" time="71.243" classname="tv.hooq.web.scripts.HOOQ_Web_FAQLink"/>
  <testcase name="HOOQ_Web_FAQLink" time="81.935" classname="tv.hooq.web.scripts.HOOQ_Web_FAQLink"/>
  <testcase name="HOOQ_Web_FAQLink" time="73.004" classname="tv.hooq.web.scripts.HOOQ_Web_FAQLink"/>
</testsuite> <!-- tv.hooq.web.scripts.HOOQ_Web_FAQLink -->
