<?xml version="1.0" encoding="UTF-8"?>
<!-- Generated by org.testng.reporters.JUnitReportReporter -->
<testsuite hostname="HW0376" name="tv.hooq.web.scripts.HOOQ_SignupHere" tests="1" failures="0" timestamp="13 Apr 2017 10:23:04 GMT" time="160.957" errors="0">
  <testcase name="HOOQ_SignupHere" time="160.957" classname="tv.hooq.web.scripts.HOOQ_SignupHere"/>
</testsuite> <!-- tv.hooq.web.scripts.HOOQ_SignupHere -->
