<?xml version="1.0" encoding="UTF-8"?>
<!-- Generated by org.testng.reporters.JUnitReportReporter -->
<testsuite hostname="CTLINDT-0119" name="tv.hooq.web.script.sanity.HOOQ_Web_Sanity_Home_Page_VerifyHomePage" tests="2" failures="0" timestamp="27 Apr 2017 06:15:23 GMT" time="160.454" errors="0">
  <testcase name="HOOQ_Web_Sanity_Home_Page_VerifyHomePage" time="39.774" classname="tv.hooq.web.script.sanity.HOOQ_Web_Sanity_Home_Page_VerifyHomePage"/>
  <testcase name="HOOQ_Web_Sanity_Home_Page_VerifyHomePage" time="120.680" classname="tv.hooq.web.script.sanity.HOOQ_Web_Sanity_Home_Page_VerifyHomePage"/>
</testsuite> <!-- tv.hooq.web.script.sanity.HOOQ_Web_Sanity_Home_Page_VerifyHomePage -->
