<?xml version="1.0" encoding="UTF-8"?>
<!-- Generated by org.testng.reporters.JUnitReportReporter -->
<testsuite hostname="CTLINDT-0119" name="tv.hooq.web.scripts.HOOQ_Player_Settings_LapsedUserAattemptingVideoPlayback" tests="1" failures="0" timestamp="31 Mar 2017 06:42:00 GMT" time="45.054" errors="0">
  <testcase name="HOOQ_Player_Settings_LapsedUserAattemptingVideoPlayback" time="45.054" classname="tv.hooq.web.scripts.HOOQ_Player_Settings_LapsedUserAattemptingVideoPlayback"/>
</testsuite> <!-- tv.hooq.web.scripts.HOOQ_Player_Settings_LapsedUserAattemptingVideoPlayback -->
