<?xml version="1.0" encoding="UTF-8"?>
<!-- Generated by org.testng.reporters.JUnitReportReporter -->
<testsuite hostname="HW0376" name="tv.hooq.web.scripts.HOOQ_DiscoverPage_All_Users" tests="5" failures="0" timestamp="13 Apr 2017 09:57:06 GMT" time="187.701" errors="0">
  <testcase name="HOOQ_DiscoverPage_All_Users" time="33.268" classname="tv.hooq.web.scripts.HOOQ_DiscoverPage_All_Users"/>
  <testcase name="HOOQ_DiscoverPage_All_Users" time="35.426" classname="tv.hooq.web.scripts.HOOQ_DiscoverPage_All_Users"/>
  <testcase name="HOOQ_DiscoverPage_All_Users" time="30.908" classname="tv.hooq.web.scripts.HOOQ_DiscoverPage_All_Users"/>
  <testcase name="HOOQ_DiscoverPage_All_Users" time="53.433" classname="tv.hooq.web.scripts.HOOQ_DiscoverPage_All_Users"/>
  <testcase name="HOOQ_DiscoverPage_All_Users" time="34.666" classname="tv.hooq.web.scripts.HOOQ_DiscoverPage_All_Users"/>
</testsuite> <!-- tv.hooq.web.scripts.HOOQ_DiscoverPage_All_Users -->
