<?xml version="1.0" encoding="UTF-8"?>
<!-- Generated by org.testng.reporters.JUnitReportReporter -->
<testsuite hostname="CTLINDT-0119" name="tv.hooq.web.scripts.HOOQ_Subscription_NetBanking" tests="3" failures="0" timestamp="2 Jan 2017 08:55:02 GMT" time="2515.277" errors="0">
  <testcase name="Hooq_Subscription_NetBanking" time="815.645" classname="tv.hooq.web.scripts.HOOQ_Subscription_NetBanking"/>
  <testcase name="Hooq_Subscription_NetBanking" time="1002.972" classname="tv.hooq.web.scripts.HOOQ_Subscription_NetBanking"/>
  <testcase name="Hooq_Subscription_NetBanking" time="696.660" classname="tv.hooq.web.scripts.HOOQ_Subscription_NetBanking"/>
</testsuite> <!-- tv.hooq.web.scripts.HOOQ_Subscription_NetBanking -->
