<?xml version="1.0" encoding="UTF-8"?>
<!-- Generated by org.testng.reporters.JUnitReportReporter -->
<testsuite hostname="CTLINDT-0119" name="tv.hooq.web.scripts.HOOQ_Web_SignupHere" tests="1" failures="0" timestamp="14 Apr 2017 11:23:30 GMT" time="82.874" errors="0">
  <testcase name="HOOQ_Web_SignupHere" time="82.874" classname="tv.hooq.web.scripts.HOOQ_Web_SignupHere"/>
</testsuite> <!-- tv.hooq.web.scripts.HOOQ_Web_SignupHere -->
