<?xml version="1.0" encoding="UTF-8"?>
<!-- Generated by org.testng.reporters.JUnitReportReporter -->
<testsuite hostname="CTLINDT-0119" name="tv.hooq.web.scripts.HOOQ_Verify_WatchLater" tests="1" failures="0" timestamp="7 Apr 2017 11:37:10 GMT" time="1202.002" errors="0">
  <testcase name="HOOQ_Verify_WatchLaterHomePage" time="1202.002" classname="tv.hooq.web.scripts.HOOQ_Verify_WatchLater"/>
</testsuite> <!-- tv.hooq.web.scripts.HOOQ_Verify_WatchLater -->
