<?xml version="1.0" encoding="UTF-8"?>
<!-- Generated by org.testng.reporters.JUnitReportReporter -->
<testsuite hostname="CTLINDT-0119" name="tv.hooq.web.scripts.C179_HOOQ_LapsedUserCheckingMySubscription" tests="1" failures="0" timestamp="26 Dec 2016 04:24:59 GMT" time="161.304" errors="0">
  <testcase name="c179_HOOQ_LapsedUserCheckingMySubscription" time="161.304" classname="tv.hooq.web.scripts.C179_HOOQ_LapsedUserCheckingMySubscription"/>
</testsuite> <!-- tv.hooq.web.scripts.C179_HOOQ_LapsedUserCheckingMySubscription -->
