<?xml version="1.0" encoding="UTF-8"?>
<!-- Generated by org.testng.reporters.JUnitReportReporter -->
<testsuite hostname="CTLINDT-0119" name="tv.hooq.web.scripts.C182_HOOQ_ActiveUserCheckingMySubscription" tests="1" failures="0" timestamp="5 Dec 2016 06:24:26 GMT" time="265.118" errors="0">
  <testcase name="c182_HOOQ_ActiveUserCheckingMySubscription" time="265.118" classname="tv.hooq.web.scripts.C182_HOOQ_ActiveUserCheckingMySubscription"/>
</testsuite> <!-- tv.hooq.web.scripts.C182_HOOQ_ActiveUserCheckingMySubscription -->
