<?xml version="1.0" encoding="UTF-8"?>
<!-- Generated by org.testng.reporters.JUnitReportReporter -->
<testsuite hostname="CTLINDT-0119" name="tv.hooq.web.scripts.C92_HOOQ_EmailLogin" tests="13" failures="0" timestamp="9 Jan 2017 06:44:16 GMT" time="819.927" errors="0">
  <testcase name="C92_HOOQ_EmailLogin" time="33.752" classname="tv.hooq.web.scripts.C92_HOOQ_EmailLogin"/>
  <testcase name="C92_HOOQ_EmailLogin" time="31.994" classname="tv.hooq.web.scripts.C92_HOOQ_EmailLogin"/>
  <testcase name="C92_HOOQ_EmailLogin" time="33.044" classname="tv.hooq.web.scripts.C92_HOOQ_EmailLogin"/>
  <testcase name="C92_HOOQ_EmailLogin" time="237.010" classname="tv.hooq.web.scripts.C92_HOOQ_EmailLogin"/>
  <testcase name="C92_HOOQ_EmailLogin" time="78.660" classname="tv.hooq.web.scripts.C92_HOOQ_EmailLogin"/>
  <testcase name="C92_HOOQ_EmailLogin" time="48.834" classname="tv.hooq.web.scripts.C92_HOOQ_EmailLogin"/>
  <testcase name="C92_HOOQ_EmailLogin" time="43.298" classname="tv.hooq.web.scripts.C92_HOOQ_EmailLogin"/>
  <testcase name="C92_HOOQ_EmailLogin" time="97.517" classname="tv.hooq.web.scripts.C92_HOOQ_EmailLogin"/>
  <testcase name="C92_HOOQ_EmailLogin" time="46.808" classname="tv.hooq.web.scripts.C92_HOOQ_EmailLogin"/>
  <testcase name="C92_HOOQ_EmailLogin" time="37.849" classname="tv.hooq.web.scripts.C92_HOOQ_EmailLogin"/>
  <testcase name="C92_HOOQ_EmailLogin" time="45.721" classname="tv.hooq.web.scripts.C92_HOOQ_EmailLogin"/>
  <testcase name="C92_HOOQ_EmailLogin" time="36.219" classname="tv.hooq.web.scripts.C92_HOOQ_EmailLogin"/>
  <testcase name="C92_HOOQ_EmailLogin" time="49.221" classname="tv.hooq.web.scripts.C92_HOOQ_EmailLogin"/>
</testsuite> <!-- tv.hooq.web.scripts.C92_HOOQ_EmailLogin -->
