<?xml version="1.0" encoding="UTF-8"?>
<!-- Generated by org.testng.reporters.JUnitReportReporter -->
<testsuite hostname="CTLINDT-0119" name="tv.hooq.web.scripts.HOOQ_Web_Support_AfterLogin" tests="3" failures="0" timestamp="20 Apr 2017 18:54:56 GMT" time="455.886" errors="0">
  <testcase name="HOOQ_Web_Support_AfterLogin" time="148.196" classname="tv.hooq.web.scripts.HOOQ_Web_Support_AfterLogin"/>
  <testcase name="HOOQ_Web_Support_AfterLogin" time="156.471" classname="tv.hooq.web.scripts.HOOQ_Web_Support_AfterLogin"/>
  <testcase name="HOOQ_Web_Support_AfterLogin" time="151.219" classname="tv.hooq.web.scripts.HOOQ_Web_Support_AfterLogin"/>
</testsuite> <!-- tv.hooq.web.scripts.HOOQ_Web_Support_AfterLogin -->
