<?xml version="1.0" encoding="UTF-8"?>
<!-- Generated by org.testng.reporters.JUnitReportReporter -->
<testsuite hostname="CTLINDT-0119" name="tv.hooq.web.scripts.HOOQ_Subscription_CheckingPaymentPlan" tests="3" failures="0" timestamp="5 Apr 2017 09:07:12 GMT" time="516.584" errors="0">
  <testcase name="HOOQ_Subscription_CheckingPaymentPlan" time="157.721" classname="tv.hooq.web.scripts.HOOQ_Subscription_CheckingPaymentPlan"/>
  <testcase name="HOOQ_Subscription_CheckingPaymentPlan" time="232.824" classname="tv.hooq.web.scripts.HOOQ_Subscription_CheckingPaymentPlan"/>
  <testcase name="HOOQ_Subscription_CheckingPaymentPlan" time="126.039" classname="tv.hooq.web.scripts.HOOQ_Subscription_CheckingPaymentPlan"/>
</testsuite> <!-- tv.hooq.web.scripts.HOOQ_Subscription_CheckingPaymentPlan -->
