<?xml version="1.0" encoding="UTF-8"?>
<!-- Generated by org.testng.reporters.JUnitReportReporter -->
<testsuite hostname="CTLINDT-0119" name="tv.hooq.web.scripts.HOOQ_Player_Settings_AnnonymousUserAttemptingContentPlayback" tests="1" failures="0" timestamp="31 Mar 2017 05:36:18 GMT" time="54.725" errors="0">
  <testcase name="HOOQ_Player_Settings_AnnonymousUserAttemptingContentPlayback" time="54.725" classname="tv.hooq.web.scripts.HOOQ_Player_Settings_AnnonymousUserAttemptingContentPlayback"/>
</testsuite> <!-- tv.hooq.web.scripts.HOOQ_Player_Settings_AnnonymousUserAttemptingContentPlayback -->
