<?xml version="1.0" encoding="UTF-8"?>
<!-- Generated by org.testng.reporters.JUnitReportReporter -->
<testsuite hostname="CTLINDT-0119" name="tv.hooq.web.scripts.HOOQ_Email_SignUp" tests="1" failures="0" timestamp="28 Nov 2016 03:25:48 GMT" time="189.755" errors="0">
  <testcase name="c92_HOOQ_EmailLogin" time="189.755" classname="tv.hooq.web.scripts.HOOQ_Email_SignUp"/>
</testsuite> <!-- tv.hooq.web.scripts.HOOQ_Email_SignUp -->
