<?xml version="1.0" encoding="UTF-8"?>
<!-- Generated by org.testng.reporters.JUnitReportReporter -->
<testsuite hostname="CTLINDT-0119" name="tv.hooq.web.scripts.HOOQ_Home_Page_VerifyBrowse" tests="1" failures="0" timestamp="22 Dec 2016 12:03:25 GMT" time="77.575" errors="0">
  <testcase name="HOOQ_Home_Page_VerifyBrowse" time="77.575" classname="tv.hooq.web.scripts.HOOQ_Home_Page_VerifyBrowse"/>
</testsuite> <!-- tv.hooq.web.scripts.HOOQ_Home_Page_VerifyBrowse -->
