<?xml version="1.0" encoding="UTF-8"?>
<!-- Generated by org.testng.reporters.JUnitReportReporter -->
<testsuite hostname="CTLINDT-0119" name="tv.hooq.web.scripts.HOOQ_Verify_Voucher" tests="1" failures="0" timestamp="26 Dec 2016 04:42:16 GMT" time="69.300" errors="0">
  <testcase name="HOOQ_Verify_Voucher" time="69.300" classname="tv.hooq.web.scripts.HOOQ_Verify_Voucher"/>
</testsuite> <!-- tv.hooq.web.scripts.HOOQ_Verify_Voucher -->
