<?xml version="1.0" encoding="UTF-8"?>
<!-- Generated by org.testng.reporters.JUnitReportReporter -->
<testsuite hostname="CTLINDT-0119" name="tv.hooq.web.scripts.HOOQ_FaceBookLogin" tests="1" failures="0" timestamp="31 Mar 2017 05:34:03 GMT" time="17.714" errors="0">
  <testcase name="HOOQ_FaceBookLogin" time="17.714" classname="tv.hooq.web.scripts.HOOQ_FaceBookLogin"/>
</testsuite> <!-- tv.hooq.web.scripts.HOOQ_FaceBookLogin -->
