<?xml version="1.0" encoding="UTF-8"?>
<!-- Generated by org.testng.reporters.JUnitReportReporter -->
<testsuite hostname="CTLINDT-0119" name="tv.hooq.web.scripts.HOOQ_Web_ConitnueWatching" tests="1" failures="0" timestamp="20 Apr 2017 18:54:55 GMT" time="175.485" errors="0">
  <testcase name="HOOQ_Web_ConitnueWatching" time="175.485" classname="tv.hooq.web.scripts.HOOQ_Web_ConitnueWatching"/>
</testsuite> <!-- tv.hooq.web.scripts.HOOQ_Web_ConitnueWatching -->
