<?xml version="1.0" encoding="UTF-8"?>
<!-- Generated by org.testng.reporters.JUnitReportReporter -->
<testsuite hostname="CTLINDT-0119" name="tv.hooq.web.scripts.HOOQ_Home_Page_VerifyBanner" tests="4" failures="0" timestamp="31 Mar 2017 08:52:37 GMT" time="251.344" errors="0">
  <testcase name="HOOQ_Home_Page_VerifyBanner" time="52.441" classname="tv.hooq.web.scripts.HOOQ_Home_Page_VerifyBanner"/>
  <testcase name="HOOQ_Home_Page_VerifyBanner" time="116.756" classname="tv.hooq.web.scripts.HOOQ_Home_Page_VerifyBanner"/>
  <testcase name="HOOQ_Home_Page_VerifyBanner" time="44.471" classname="tv.hooq.web.scripts.HOOQ_Home_Page_VerifyBanner"/>
  <testcase name="HOOQ_Home_Page_VerifyBanner" time="37.676" classname="tv.hooq.web.scripts.HOOQ_Home_Page_VerifyBanner"/>
</testsuite> <!-- tv.hooq.web.scripts.HOOQ_Home_Page_VerifyBanner -->
