<?xml version="1.0" encoding="UTF-8"?>
<!-- Generated by org.testng.reporters.JUnitReportReporter -->
<testsuite hostname="CTLINDT-0119" name="tv.hooq.web.script.sanity.HOOQ_Web_Sanity_FaceBookLogin" tests="1" failures="0" timestamp="27 Apr 2017 06:15:23 GMT" time="17.116" errors="0">
  <testcase name="HOOQ_Web_Sanity_FaceBookLogin" time="17.116" classname="tv.hooq.web.script.sanity.HOOQ_Web_Sanity_FaceBookLogin"/>
</testsuite> <!-- tv.hooq.web.script.sanity.HOOQ_Web_Sanity_FaceBookLogin -->
