<?xml version="1.0" encoding="UTF-8"?>
<!-- Generated by org.testng.reporters.JUnitReportReporter -->
<testsuite hostname="CTLINDT-0119" name="tv.hooq.web.scripts.HOOQ_Web_Player_Settings_FreeTrialUserAttemptingContentPlayback" tests="1" failures="0" timestamp="28 Apr 2017 04:46:13 GMT" time="111.519" errors="0">
  <testcase name="HOOQ_Web_Player_Settings_FreeTrialUserAttemptingContentPlayback" time="111.519" classname="tv.hooq.web.scripts.HOOQ_Web_Player_Settings_FreeTrialUserAttemptingContentPlayback"/>
</testsuite> <!-- tv.hooq.web.scripts.HOOQ_Web_Player_Settings_FreeTrialUserAttemptingContentPlayback -->
