<?xml version="1.0" encoding="UTF-8"?>
<!-- Generated by org.testng.reporters.JUnitReportReporter -->
<testsuite hostname="HW0137" name="tv.hooq.web.scripts.C169_HOOQ_ActiveUserOnWebMakingPaymentOnPlanSelectorViaMySubscription" tests="4" failures="0" timestamp="25 Oct 2016 02:12:32 GMT" time="818.369" errors="0">
  <testcase name="c169_HOOQ_ActiveUserOnWebMakingPaymentOnPlanSelectorViaMySubscription" time="194.343" classname="tv.hooq.web.scripts.C169_HOOQ_ActiveUserOnWebMakingPaymentOnPlanSelectorViaMySubscription"/>
  <testcase name="c169_HOOQ_ActiveUserOnWebMakingPaymentOnPlanSelectorViaMySubscription" time="195.779" classname="tv.hooq.web.scripts.C169_HOOQ_ActiveUserOnWebMakingPaymentOnPlanSelectorViaMySubscription"/>
  <testcase name="c169_HOOQ_ActiveUserOnWebMakingPaymentOnPlanSelectorViaMySubscription" time="231.121" classname="tv.hooq.web.scripts.C169_HOOQ_ActiveUserOnWebMakingPaymentOnPlanSelectorViaMySubscription"/>
  <testcase name="c169_HOOQ_ActiveUserOnWebMakingPaymentOnPlanSelectorViaMySubscription" time="197.126" classname="tv.hooq.web.scripts.C169_HOOQ_ActiveUserOnWebMakingPaymentOnPlanSelectorViaMySubscription"/>
</testsuite> <!-- tv.hooq.web.scripts.C169_HOOQ_ActiveUserOnWebMakingPaymentOnPlanSelectorViaMySubscription -->
