<?xml version="1.0" encoding="UTF-8"?>
<!-- Generated by org.testng.reporters.JUnitReportReporter -->
<testsuite hostname="CTLINDT-0119" name="tv.hooq.web.scripts.HOOQ_Verify_PlayBack_From_History" tests="1" failures="0" timestamp="11 Apr 2017 06:18:02 GMT" time="263.621" errors="0">
  <testcase name="HOOQ_Verify_PlayBack_Watch_Later_Favorite_History" time="263.621" classname="tv.hooq.web.scripts.HOOQ_Verify_PlayBack_From_History"/>
</testsuite> <!-- tv.hooq.web.scripts.HOOQ_Verify_PlayBack_From_History -->
