<?xml version="1.0" encoding="UTF-8"?>
<!-- Generated by org.testng.reporters.JUnitReportReporter -->
<testsuite hostname="CTLINDT-0119" name="tv.hooq.web.scripts.HOOQ_Web_Player_Settings_LapsedUserAattemptingVideoPlayback" tests="1" failures="0" timestamp="20 Apr 2017 18:54:56 GMT" time="61.092" errors="0">
  <testcase name="HOOQ_Web_Player_Settings_LapsedUserAattemptingVideoPlayback" time="61.092" classname="tv.hooq.web.scripts.HOOQ_Web_Player_Settings_LapsedUserAattemptingVideoPlayback"/>
</testsuite> <!-- tv.hooq.web.scripts.HOOQ_Web_Player_Settings_LapsedUserAattemptingVideoPlayback -->
