<?xml version="1.0" encoding="UTF-8"?>
<!-- Generated by org.testng.reporters.JUnitReportReporter -->
<testsuite hostname="CTLINDT-0119" name="tv.hooq.web.scripts.HOOQ_Web_TVOD_Rent_With_CC" tests="4" failures="0" timestamp="20 Apr 2017 18:54:55 GMT" time="1154.349" errors="0">
  <testcase name="HOOQ_Web_TVOD_Rent_With_CC" time="263.505" classname="tv.hooq.web.scripts.HOOQ_Web_TVOD_Rent_With_CC"/>
  <testcase name="HOOQ_Web_TVOD_Rent_With_CC" time="397.368" classname="tv.hooq.web.scripts.HOOQ_Web_TVOD_Rent_With_CC"/>
  <testcase name="HOOQ_Web_TVOD_Rent_With_CC" time="245.942" classname="tv.hooq.web.scripts.HOOQ_Web_TVOD_Rent_With_CC"/>
  <testcase name="HOOQ_Web_TVOD_Rent_With_CC" time="247.534" classname="tv.hooq.web.scripts.HOOQ_Web_TVOD_Rent_With_CC"/>
</testsuite> <!-- tv.hooq.web.scripts.HOOQ_Web_TVOD_Rent_With_CC -->
