<?xml version="1.0" encoding="UTF-8"?>
<!-- Generated by org.testng.reporters.JUnitReportReporter -->
<testsuite hostname="CTLINDT-0119" name="tv.hooq.web.script.sanity.HOOQ_Web_Sanity_Support" tests="2" failures="0" timestamp="27 Apr 2017 06:15:23 GMT" time="398.306" errors="0">
  <testcase name="HOOQ_Web_Sanity_Support" time="257.781" classname="tv.hooq.web.script.sanity.HOOQ_Web_Sanity_Support"/>
  <testcase name="HOOQ_Web_Sanity_Support" time="140.525" classname="tv.hooq.web.script.sanity.HOOQ_Web_Sanity_Support"/>
</testsuite> <!-- tv.hooq.web.script.sanity.HOOQ_Web_Sanity_Support -->
