<?xml version="1.0" encoding="UTF-8"?>
<!-- Generated by org.testng.reporters.JUnitReportReporter -->
<testsuite hostname="CTLINDT-0119" name="tv.hooq.web.scripts.HOOQ_Continious_Play" tests="1" failures="0" timestamp="21 Mar 2017 07:49:32 GMT" time="571.682" errors="0">
  <testcase name="HOOQ_Player_Settings_ActiveUserAttemptingVideoPlayback" time="571.682" classname="tv.hooq.web.scripts.HOOQ_Continious_Play"/>
</testsuite> <!-- tv.hooq.web.scripts.HOOQ_Continious_Play -->
