<?xml version="1.0" encoding="UTF-8"?>
<!-- Generated by org.testng.reporters.JUnitReportReporter -->
<testsuite hostname="CTLINDT-0119" name="tv.hooq.web.scripts.HOOQ_Support_AfterLogin" tests="3" failures="0" timestamp="5 Apr 2017 09:47:17 GMT" time="485.445" errors="0">
  <testcase name="HOOQ_Support_AfterLogin" time="163.389" classname="tv.hooq.web.scripts.HOOQ_Support_AfterLogin"/>
  <testcase name="HOOQ_Support_AfterLogin" time="177.025" classname="tv.hooq.web.scripts.HOOQ_Support_AfterLogin"/>
  <testcase name="HOOQ_Support_AfterLogin" time="145.031" classname="tv.hooq.web.scripts.HOOQ_Support_AfterLogin"/>
</testsuite> <!-- tv.hooq.web.scripts.HOOQ_Support_AfterLogin -->
