<?xml version="1.0" encoding="UTF-8"?>
<!-- Generated by org.testng.reporters.JUnitReportReporter -->
<testsuite hostname="CTLINDT-0119" name="tv.hooq.web.scripts.HOOQ_Subscription_PayTM" tests="3" failures="0" timestamp="2 Jan 2017 08:55:02 GMT" time="1192.387" errors="0">
  <testcase name="Hooq_Subscription_PayTM" time="387.699" classname="tv.hooq.web.scripts.HOOQ_Subscription_PayTM"/>
  <testcase name="Hooq_Subscription_PayTM" time="348.254" classname="tv.hooq.web.scripts.HOOQ_Subscription_PayTM"/>
  <testcase name="Hooq_Subscription_PayTM" time="456.434" classname="tv.hooq.web.scripts.HOOQ_Subscription_PayTM"/>
</testsuite> <!-- tv.hooq.web.scripts.HOOQ_Subscription_PayTM -->
