<?xml version="1.0" encoding="UTF-8"?>
<!-- Generated by org.testng.reporters.JUnitReportReporter -->
<testsuite hostname="CTLINDT-0119" name="tv.hooq.web.scripts.HOOQ_Web_Login_Email_Login" tests="13" failures="0" timestamp="20 Apr 2017 18:54:56 GMT" time="476.831" errors="0">
  <testcase name="HOOQ_Web_Login_Email_Login" time="19.703" classname="tv.hooq.web.scripts.HOOQ_Web_Login_Email_Login"/>
  <testcase name="HOOQ_Web_Login_Email_Login" time="21.476" classname="tv.hooq.web.scripts.HOOQ_Web_Login_Email_Login"/>
  <testcase name="HOOQ_Web_Login_Email_Login" time="12.701" classname="tv.hooq.web.scripts.HOOQ_Web_Login_Email_Login"/>
  <testcase name="HOOQ_Web_Login_Email_Login" time="95.536" classname="tv.hooq.web.scripts.HOOQ_Web_Login_Email_Login"/>
  <testcase name="HOOQ_Web_Login_Email_Login" time="13.489" classname="tv.hooq.web.scripts.HOOQ_Web_Login_Email_Login"/>
  <testcase name="HOOQ_Web_Login_Email_Login" time="12.791" classname="tv.hooq.web.scripts.HOOQ_Web_Login_Email_Login"/>
  <testcase name="HOOQ_Web_Login_Email_Login" time="23.716" classname="tv.hooq.web.scripts.HOOQ_Web_Login_Email_Login"/>
  <testcase name="HOOQ_Web_Login_Email_Login" time="48.175" classname="tv.hooq.web.scripts.HOOQ_Web_Login_Email_Login"/>
  <testcase name="HOOQ_Web_Login_Email_Login" time="24.482" classname="tv.hooq.web.scripts.HOOQ_Web_Login_Email_Login"/>
  <testcase name="HOOQ_Web_Login_Email_Login" time="41.479" classname="tv.hooq.web.scripts.HOOQ_Web_Login_Email_Login"/>
  <testcase name="HOOQ_Web_Login_Email_Login" time="39.461" classname="tv.hooq.web.scripts.HOOQ_Web_Login_Email_Login"/>
  <testcase name="HOOQ_Web_Login_Email_Login" time="41.862" classname="tv.hooq.web.scripts.HOOQ_Web_Login_Email_Login"/>
  <testcase name="HOOQ_Web_Login_Email_Login" time="81.960" classname="tv.hooq.web.scripts.HOOQ_Web_Login_Email_Login"/>
</testsuite> <!-- tv.hooq.web.scripts.HOOQ_Web_Login_Email_Login -->
