<?xml version="1.0" encoding="UTF-8"?>
<!-- Generated by org.testng.reporters.JUnitReportReporter -->
<testsuite hostname="CTLINDT-0119" name="tv.hooq.web.scripts.HOOQ_Web_TVOD_Rent_Terms_And_Condition" tests="4" failures="0" timestamp="24 Apr 2017 06:27:52 GMT" time="846.936" errors="0">
  <testcase name="HOOQ_Web_TVOD_Rent_Terms_And_Condition" time="216.407" classname="tv.hooq.web.scripts.HOOQ_Web_TVOD_Rent_Terms_And_Condition"/>
  <testcase name="HOOQ_Web_TVOD_Rent_Terms_And_Condition" time="210.040" classname="tv.hooq.web.scripts.HOOQ_Web_TVOD_Rent_Terms_And_Condition"/>
  <testcase name="HOOQ_Web_TVOD_Rent_Terms_And_Condition" time="230.518" classname="tv.hooq.web.scripts.HOOQ_Web_TVOD_Rent_Terms_And_Condition"/>
  <testcase name="HOOQ_Web_TVOD_Rent_Terms_And_Condition" time="189.971" classname="tv.hooq.web.scripts.HOOQ_Web_TVOD_Rent_Terms_And_Condition"/>
</testsuite> <!-- tv.hooq.web.scripts.HOOQ_Web_TVOD_Rent_Terms_And_Condition -->
