<?xml version="1.0" encoding="UTF-8"?>
<!-- Generated by org.testng.reporters.JUnitReportReporter -->
<testsuite hostname="HW0376" name="tv.hooq.web.scripts.HOOQ_TestSubscriptionPage" tests="1" failures="0" timestamp="23 Aug 2016 05:10:07 GMT" time="212.874" errors="0">
  <testcase name="veifySubscriptionPage" time="212.874" classname="tv.hooq.web.scripts.HOOQ_TestSubscriptionPage"/>
</testsuite> <!-- tv.hooq.web.scripts.HOOQ_TestSubscriptionPage -->
