<?xml version="1.0" encoding="UTF-8"?>
<!-- Generated by org.testng.reporters.JUnitReportReporter -->
<testsuite hostname="CTLINDT-0119" name="tv.hooq.web.script.sanity.HOOQ_Web_Sanity_Subscription_CheckingPaymentPlan" tests="1" failures="0" timestamp="27 Apr 2017 06:15:23 GMT" time="202.785" errors="0">
  <testcase name="HOOQ_Web_Subscription_CheckingPaymentPlan" time="202.785" classname="tv.hooq.web.script.sanity.HOOQ_Web_Sanity_Subscription_CheckingPaymentPlan"/>
</testsuite> <!-- tv.hooq.web.script.sanity.HOOQ_Web_Sanity_Subscription_CheckingPaymentPlan -->
