<?xml version="1.0" encoding="UTF-8"?>
<!-- Generated by org.testng.reporters.JUnitReportReporter -->
<testsuite hostname="CTLINDT-0119" name="tv.hooq.web.scripts.HOOQ_Web_Home_Page_VerifyBanner" tests="4" failures="0" timestamp="20 Apr 2017 18:54:56 GMT" time="185.146" errors="0">
  <testcase name="HOOQ_Web_Home_Page_VerifyBanner" time="33.984" classname="tv.hooq.web.scripts.HOOQ_Web_Home_Page_VerifyBanner"/>
  <testcase name="HOOQ_Web_Home_Page_VerifyBanner" time="47.154" classname="tv.hooq.web.scripts.HOOQ_Web_Home_Page_VerifyBanner"/>
  <testcase name="HOOQ_Web_Home_Page_VerifyBanner" time="59.169" classname="tv.hooq.web.scripts.HOOQ_Web_Home_Page_VerifyBanner"/>
  <testcase name="HOOQ_Web_Home_Page_VerifyBanner" time="44.839" classname="tv.hooq.web.scripts.HOOQ_Web_Home_Page_VerifyBanner"/>
</testsuite> <!-- tv.hooq.web.scripts.HOOQ_Web_Home_Page_VerifyBanner -->
