<?xml version="1.0" encoding="UTF-8"?>
<!-- Generated by org.testng.reporters.JUnitReportReporter -->
<testsuite hostname="CTLINDT-0119" name="tv.hooq.web.scripts.HOOQ_Web_Settings" tests="3" failures="0" timestamp="20 Apr 2017 18:54:56 GMT" time="459.185" errors="0">
  <testcase name="HOOQ_Web_Settings" time="137.434" classname="tv.hooq.web.scripts.HOOQ_Web_Settings"/>
  <testcase name="HOOQ_Web_Settings" time="135.281" classname="tv.hooq.web.scripts.HOOQ_Web_Settings"/>
  <testcase name="HOOQ_Web_Settings" time="186.470" classname="tv.hooq.web.scripts.HOOQ_Web_Settings"/>
</testsuite> <!-- tv.hooq.web.scripts.HOOQ_Web_Settings -->
