<?xml version="1.0" encoding="UTF-8"?>
<!-- Generated by org.testng.reporters.JUnitReportReporter -->
<testsuite hostname="CTLINDT-0119" name="tv.hooq.web.scripts.HOOQ_CheckAllLinks" tests="1" failures="0" timestamp="29 Nov 2016 09:14:33 GMT" time="1872.024" errors="0">
  <testcase name="HOOQ_CheckAllLinks" time="1872.024" classname="tv.hooq.web.scripts.HOOQ_CheckAllLinks"/>
</testsuite> <!-- tv.hooq.web.scripts.HOOQ_CheckAllLinks -->
