<?xml version="1.0" encoding="UTF-8"?>
<!-- Generated by org.testng.reporters.JUnitReportReporter -->
<testsuite hostname="CTLINDT-0119" name="tv.hooq.web.scripts.HOOQ_Web_SignUPTermsAndConditionPrivacyPolicy" tests="1" failures="0" timestamp="20 Apr 2017 18:54:56 GMT" time="86.865" errors="0">
  <testcase name="HOOQ_Web_SignUPTermsAndConditionPrivacyPolicy" time="86.865" classname="tv.hooq.web.scripts.HOOQ_Web_SignUPTermsAndConditionPrivacyPolicy"/>
</testsuite> <!-- tv.hooq.web.scripts.HOOQ_Web_SignUPTermsAndConditionPrivacyPolicy -->
