<?xml version="1.0" encoding="UTF-8"?>
<!-- Generated by org.testng.reporters.JUnitReportReporter -->
<testsuite hostname="CTLINDT-0119" name="tv.hooq.web.scripts.HOOQ_Verify_PlayBack_Watch_Later_Favorite" tests="1" failures="0" timestamp="10 Apr 2017 08:14:48 GMT" time="1525.143" errors="0">
  <testcase name="HOOQ_Verify_PlayBack_Watch_Later_Favorite_History" time="1525.143" classname="tv.hooq.web.scripts.HOOQ_Verify_PlayBack_Watch_Later_Favorite"/>
</testsuite> <!-- tv.hooq.web.scripts.HOOQ_Verify_PlayBack_Watch_Later_Favorite -->
