<?xml version="1.0" encoding="UTF-8"?>
<!-- Generated by org.testng.reporters.JUnitReportReporter -->
<testsuite hostname="CTLINDT-0119" name="tv.hooq.web.scripts.C183_HOOQ_FreeTrialUserCheckingMySubscription" tests="1" failures="0" timestamp="26 Dec 2016 04:24:59 GMT" time="46.856" errors="0">
  <testcase name="C183_HOOQ_FreeTrialUserCheckingMySubscriptionPage" time="46.856" classname="tv.hooq.web.scripts.C183_HOOQ_FreeTrialUserCheckingMySubscription"/>
</testsuite> <!-- tv.hooq.web.scripts.C183_HOOQ_FreeTrialUserCheckingMySubscription -->
