<?xml version="1.0" encoding="UTF-8"?>
<!-- Generated by org.testng.reporters.JUnitReportReporter -->
<testsuite hostname="CTLINDT-0119" name="tv.hooq.web.script.sanity.HOOQ_Web_Sanity_Verify_WatchLater" tests="1" failures="0" timestamp="27 Apr 2017 10:01:06 GMT" time="727.260" errors="0">
  <testcase name="HOOQ_Web_Sanity_Verify_WatchLater" time="727.260" classname="tv.hooq.web.script.sanity.HOOQ_Web_Sanity_Verify_WatchLater"/>
</testsuite> <!-- tv.hooq.web.script.sanity.HOOQ_Web_Sanity_Verify_WatchLater -->
