<?xml version="1.0" encoding="UTF-8"?>
<!-- Generated by org.testng.reporters.JUnitReportReporter -->
<testsuite hostname="CTLINDT-0119" name="tv.hooq.web.scripts.Hooq_SubscriptionParallel" tests="1" failures="0" timestamp="13 Dec 2016 03:04:31 GMT" time="17.204" errors="0">
  <testcase name="Hooq_Subscription" time="17.204" classname="tv.hooq.web.scripts.Hooq_SubscriptionParallel"/>
</testsuite> <!-- tv.hooq.web.scripts.Hooq_SubscriptionParallel -->
