<?xml version="1.0" encoding="UTF-8"?>
<!-- Generated by org.testng.reporters.JUnitReportReporter -->
<testsuite hostname="CTLINDT-0119" name="tv.hooq.web.scripts.HOOQ_Web_Filter" tests="4" failures="0" timestamp="18 Apr 2017 07:23:58 GMT" time="1734.602" errors="0">
  <testcase name="HOOQ_Web_Filter" time="528.541" classname="tv.hooq.web.scripts.HOOQ_Web_Filter"/>
  <testcase name="HOOQ_Web_Filter" time="403.997" classname="tv.hooq.web.scripts.HOOQ_Web_Filter"/>
  <testcase name="HOOQ_Web_Filter" time="388.902" classname="tv.hooq.web.scripts.HOOQ_Web_Filter"/>
  <testcase name="HOOQ_Web_Filter" time="413.162" classname="tv.hooq.web.scripts.HOOQ_Web_Filter"/>
</testsuite> <!-- tv.hooq.web.scripts.HOOQ_Web_Filter -->
