<?xml version="1.0" encoding="UTF-8"?>
<!-- Generated by org.testng.reporters.JUnitReportReporter -->
<testsuite hostname="HW0137" name="tv.hooq.web.scripts.C170_HOOQ_FreeTrialUserOnWebMakingPaymentOnPlanSelectorViaMySubscription" tests="4" failures="0" timestamp="21 Oct 2016 07:00:59 GMT" time="1018.327" errors="0">
  <testcase name="c170_HOOQ_FreeTrialUserOnWebMakingPaymentOnPlanSelectorViaMySubscription" time="237.712" classname="tv.hooq.web.scripts.C170_HOOQ_FreeTrialUserOnWebMakingPaymentOnPlanSelectorViaMySubscription"/>
  <testcase name="c170_HOOQ_FreeTrialUserOnWebMakingPaymentOnPlanSelectorViaMySubscription" time="246.200" classname="tv.hooq.web.scripts.C170_HOOQ_FreeTrialUserOnWebMakingPaymentOnPlanSelectorViaMySubscription"/>
  <testcase name="c170_HOOQ_FreeTrialUserOnWebMakingPaymentOnPlanSelectorViaMySubscription" time="284.378" classname="tv.hooq.web.scripts.C170_HOOQ_FreeTrialUserOnWebMakingPaymentOnPlanSelectorViaMySubscription"/>
  <testcase name="c170_HOOQ_FreeTrialUserOnWebMakingPaymentOnPlanSelectorViaMySubscription" time="250.037" classname="tv.hooq.web.scripts.C170_HOOQ_FreeTrialUserOnWebMakingPaymentOnPlanSelectorViaMySubscription"/>
</testsuite> <!-- tv.hooq.web.scripts.C170_HOOQ_FreeTrialUserOnWebMakingPaymentOnPlanSelectorViaMySubscription -->
