<?xml version="1.0" encoding="UTF-8"?>
<!-- Generated by org.testng.reporters.JUnitReportReporter -->
<testsuite hostname="CTLINDT-0119" name="tv.hooq.web.scripts.HOOQ_Subscription_CreditCard" tests="3" failures="0" timestamp="2 Jan 2017 08:55:02 GMT" time="701.961" errors="0">
  <testcase name="Hooq_Subscription_CreditCard" time="261.732" classname="tv.hooq.web.scripts.HOOQ_Subscription_CreditCard"/>
  <testcase name="Hooq_Subscription_CreditCard" time="238.814" classname="tv.hooq.web.scripts.HOOQ_Subscription_CreditCard"/>
  <testcase name="Hooq_Subscription_CreditCard" time="201.415" classname="tv.hooq.web.scripts.HOOQ_Subscription_CreditCard"/>
</testsuite> <!-- tv.hooq.web.scripts.HOOQ_Subscription_CreditCard -->
