<?xml version="1.0" encoding="UTF-8"?>
<!-- Generated by org.testng.reporters.JUnitReportReporter -->
<testsuite hostname="CTLINDT-0119" name="tv.hooq.web.scripts.HOOQ_TVOD_Find_Duplicate_Collection" tests="1" failures="0" timestamp="24 Mar 2017 06:21:22 GMT" time="1097.319" errors="0">
  <testcase name="HOOQ_TVOD_Find_Duplicate_Collection" time="1097.319" classname="tv.hooq.web.scripts.HOOQ_TVOD_Find_Duplicate_Collection"/>
</testsuite> <!-- tv.hooq.web.scripts.HOOQ_TVOD_Find_Duplicate_Collection -->
