<?xml version="1.0" encoding="UTF-8"?>
<!-- Generated by org.testng.reporters.JUnitReportReporter -->
<testsuite hostname="CTLINDT-0119" name="tv.hooq.web.scripts.HOOQ_Player_Settings_ActiveUserAttemptingVideoPlayback" tests="1" failures="0" timestamp="31 Mar 2017 06:37:32 GMT" time="153.503" errors="0">
  <testcase name="HOOQ_Player_Settings_ActiveUserAttemptingVideoPlayback" time="153.503" classname="tv.hooq.web.scripts.HOOQ_Player_Settings_ActiveUserAttemptingVideoPlayback"/>
</testsuite> <!-- tv.hooq.web.scripts.HOOQ_Player_Settings_ActiveUserAttemptingVideoPlayback -->
