<?xml version="1.0" encoding="UTF-8"?>
<!-- Generated by org.testng.reporters.JUnitReportReporter -->
<testsuite hostname="CTLINDT-0119" name="tv.hooq.web.script.sanity.HOOQ_Web_Sanity_Subscription_Checking_Payment_Method" tests="1" failures="0" timestamp="27 Apr 2017 09:35:23 GMT" time="605.575" errors="0">
  <testcase name="HOOQ_Web_Sanity_Subscription_Checking_Payment_Method" time="605.575" classname="tv.hooq.web.script.sanity.HOOQ_Web_Sanity_Subscription_Checking_Payment_Method"/>
</testsuite> <!-- tv.hooq.web.script.sanity.HOOQ_Web_Sanity_Subscription_Checking_Payment_Method -->
