<?xml version="1.0" encoding="UTF-8"?>
<!-- Generated by org.testng.reporters.JUnitReportReporter -->
<testsuite hostname="CTLINDT-0119" name="tv.hooq.web.scripts.HOOQ_Web_PlayerSettings" tests="3" failures="0" timestamp="20 Apr 2017 18:54:56 GMT" time="2242.470" errors="0">
  <testcase name="HOOQ_Web_PlayerSettings" time="979.732" classname="tv.hooq.web.scripts.HOOQ_Web_PlayerSettings"/>
  <testcase name="HOOQ_Web_PlayerSettings" time="892.006" classname="tv.hooq.web.scripts.HOOQ_Web_PlayerSettings"/>
  <testcase name="HOOQ_Web_PlayerSettings" time="370.732" classname="tv.hooq.web.scripts.HOOQ_Web_PlayerSettings"/>
</testsuite> <!-- tv.hooq.web.scripts.HOOQ_Web_PlayerSettings -->
