<?xml version="1.0" encoding="UTF-8"?>
<!-- Generated by org.testng.reporters.JUnitReportReporter -->
<testsuite hostname="CTLINDT-0119" name="tv.hooq.web.scripts.HOOQ_Web_Subscription_NetBanking" tests="3" failures="0" timestamp="17 Apr 2017 22:11:46 GMT" time="2993.274" errors="0">
  <testcase name="HOOQ_Web_Subscription_NetBanking" time="764.086" classname="tv.hooq.web.scripts.HOOQ_Web_Subscription_NetBanking"/>
  <testcase name="HOOQ_Web_Subscription_NetBanking" time="1543.553" classname="tv.hooq.web.scripts.HOOQ_Web_Subscription_NetBanking"/>
  <testcase name="HOOQ_Web_Subscription_NetBanking" time="685.635" classname="tv.hooq.web.scripts.HOOQ_Web_Subscription_NetBanking"/>
</testsuite> <!-- tv.hooq.web.scripts.HOOQ_Web_Subscription_NetBanking -->
