<?xml version="1.0" encoding="UTF-8"?>
<!-- Generated by org.testng.reporters.JUnitReportReporter -->
<testsuite hostname="CTLINDT-0119" name="tv.hooq.web.scripts.HOOQ_Subscription_CreditCard" tests="3" failures="0" timestamp="12 Apr 2017 03:33:45 GMT" time="607.018" errors="0">
  <testcase name="HOOQ_Subscription_CreditCard" time="256.257" classname="tv.hooq.web.scripts.HOOQ_Subscription_CreditCard"/>
  <testcase name="HOOQ_Subscription_CreditCard" time="165.957" classname="tv.hooq.web.scripts.HOOQ_Subscription_CreditCard"/>
  <testcase name="HOOQ_Subscription_CreditCard" time="184.804" classname="tv.hooq.web.scripts.HOOQ_Subscription_CreditCard"/>
</testsuite> <!-- tv.hooq.web.scripts.HOOQ_Subscription_CreditCard -->
