<?xml version="1.0" encoding="UTF-8"?>
<!-- Generated by org.testng.reporters.JUnitReportReporter -->
<testsuite hostname="CTLINDT-0119" name="tv.hooq.web.scripts.HOOQ_Verify_FavoriteHomePage" tests="3" failures="0" timestamp="7 Apr 2017 02:19:26 GMT" time="833.091" errors="0">
  <testcase name="HOOQ_Verify_FavoriteHomePage" time="248.489" classname="tv.hooq.web.scripts.HOOQ_Verify_FavoriteHomePage"/>
  <testcase name="HOOQ_Verify_FavoriteHomePage" time="316.999" classname="tv.hooq.web.scripts.HOOQ_Verify_FavoriteHomePage"/>
  <testcase name="HOOQ_Verify_FavoriteHomePage" time="267.603" classname="tv.hooq.web.scripts.HOOQ_Verify_FavoriteHomePage"/>
</testsuite> <!-- tv.hooq.web.scripts.HOOQ_Verify_FavoriteHomePage -->
