<?xml version="1.0" encoding="UTF-8"?>
<!-- Generated by org.testng.reporters.JUnitReportReporter -->
<testsuite hostname="CTLINDT-0119" name="tv.hooq.web.scripts.HOOQ_Subscription_NetBanking" tests="3" failures="0" timestamp="12 Apr 2017 03:33:45 GMT" time="2992.547" errors="0">
  <testcase name="HOOQ_Subscription_NetBanking" time="703.553" classname="tv.hooq.web.scripts.HOOQ_Subscription_NetBanking"/>
  <testcase name="HOOQ_Subscription_NetBanking" time="1482.449" classname="tv.hooq.web.scripts.HOOQ_Subscription_NetBanking"/>
  <testcase name="HOOQ_Subscription_NetBanking" time="806.545" classname="tv.hooq.web.scripts.HOOQ_Subscription_NetBanking"/>
</testsuite> <!-- tv.hooq.web.scripts.HOOQ_Subscription_NetBanking -->
