<?xml version="1.0" encoding="UTF-8"?>
<!-- Generated by org.testng.reporters.JUnitReportReporter -->
<testsuite hostname="CTLINDT-0119" name="tv.hooq.web.scripts.HOOQ_Web_Subscription_CreditCard" tests="3" failures="0" timestamp="17 Apr 2017 22:11:46 GMT" time="607.441" errors="0">
  <testcase name="HOOQ_Web_Subscription_CreditCard" time="256.110" classname="tv.hooq.web.scripts.HOOQ_Web_Subscription_CreditCard"/>
  <testcase name="HOOQ_Web_Subscription_CreditCard" time="162.887" classname="tv.hooq.web.scripts.HOOQ_Web_Subscription_CreditCard"/>
  <testcase name="HOOQ_Web_Subscription_CreditCard" time="188.444" classname="tv.hooq.web.scripts.HOOQ_Web_Subscription_CreditCard"/>
</testsuite> <!-- tv.hooq.web.scripts.HOOQ_Web_Subscription_CreditCard -->
