<?xml version="1.0" encoding="UTF-8"?>
<!-- Generated by org.testng.reporters.JUnitReportReporter -->
<testsuite hostname="CTLINDT-0119" name="tv.hooq.web.scripts.HOOQ_Player_Settings_AnnonymousUserAttemptingContentPlayback" tests="1" failures="0" timestamp="12 Apr 2017 03:33:46 GMT" time="46.929" errors="0">
  <testcase name="HOOQ_Player_Settings_AnnonymousUserAttemptingContentPlayback" time="46.929" classname="tv.hooq.web.scripts.HOOQ_Player_Settings_AnnonymousUserAttemptingContentPlayback"/>
</testsuite> <!-- tv.hooq.web.scripts.HOOQ_Player_Settings_AnnonymousUserAttemptingContentPlayback -->
