<?xml version="1.0" encoding="UTF-8"?>
<!-- Generated by org.testng.reporters.JUnitReportReporter -->
<testsuite hostname="CTLINDT-0119" name="tv.hooq.web.scripts.HOOQ_Web_SignUPTermsAndConditionPrivacyPolicy" tests="1" failures="0" timestamp="2 May 2017 03:39:41 GMT" time="83.789" errors="0">
  <testcase name="HOOQ_Web_SignUPTermsAndConditionPrivacyPolicy" time="83.789" classname="tv.hooq.web.scripts.HOOQ_Web_SignUPTermsAndConditionPrivacyPolicy"/>
</testsuite> <!-- tv.hooq.web.scripts.HOOQ_Web_SignUPTermsAndConditionPrivacyPolicy -->
