<?xml version="1.0" encoding="UTF-8"?>
<!-- Generated by org.testng.reporters.JUnitReportReporter -->
<testsuite hostname="CTLINDT-0119" name="tv.hooq.web.scripts.HOOQ_Web_TVOD_Find_Duplicate_Collection_Rent" tests="4" failures="0" timestamp="17 Apr 2017 22:11:46 GMT" time="6976.795" errors="0">
  <testcase name="HOOQ_Web_TVOD_Find_Duplicate_Collection_Rent" time="1659.196" classname="tv.hooq.web.scripts.HOOQ_Web_TVOD_Find_Duplicate_Collection_Rent"/>
  <testcase name="HOOQ_Web_TVOD_Find_Duplicate_Collection_Rent" time="1896.578" classname="tv.hooq.web.scripts.HOOQ_Web_TVOD_Find_Duplicate_Collection_Rent"/>
  <testcase name="HOOQ_Web_TVOD_Find_Duplicate_Collection_Rent" time="1732.674" classname="tv.hooq.web.scripts.HOOQ_Web_TVOD_Find_Duplicate_Collection_Rent"/>
  <testcase name="HOOQ_Web_TVOD_Find_Duplicate_Collection_Rent" time="1688.347" classname="tv.hooq.web.scripts.HOOQ_Web_TVOD_Find_Duplicate_Collection_Rent"/>
</testsuite> <!-- tv.hooq.web.scripts.HOOQ_Web_TVOD_Find_Duplicate_Collection_Rent -->
