<?xml version="1.0" encoding="UTF-8"?>
<!-- Generated by org.testng.reporters.JUnitReportReporter -->
<testsuite hostname="CTLINDT-0119" name="tv.hooq.web.scripts.HOOQ_Web_Subscription_PayTM" tests="3" failures="0" timestamp="17 Apr 2017 22:11:46 GMT" time="1396.728" errors="0">
  <testcase name="HOOQ_Web_Subscription_PayTM" time="504.052" classname="tv.hooq.web.scripts.HOOQ_Web_Subscription_PayTM"/>
  <testcase name="HOOQ_Web_Subscription_PayTM" time="523.227" classname="tv.hooq.web.scripts.HOOQ_Web_Subscription_PayTM"/>
  <testcase name="HOOQ_Web_Subscription_PayTM" time="369.449" classname="tv.hooq.web.scripts.HOOQ_Web_Subscription_PayTM"/>
</testsuite> <!-- tv.hooq.web.scripts.HOOQ_Web_Subscription_PayTM -->
