<?xml version="1.0" encoding="UTF-8"?>
<!-- Generated by org.testng.reporters.JUnitReportReporter -->
<testsuite hostname="CTLINDT-0119" name="tv.hooq.web.scripts.HOOQ_Subscription_PayTM" tests="3" failures="0" timestamp="12 Apr 2017 03:33:46 GMT" time="1233.470" errors="0">
  <testcase name="HOOQ_Subscription_PayTM" time="366.759" classname="tv.hooq.web.scripts.HOOQ_Subscription_PayTM"/>
  <testcase name="HOOQ_Subscription_PayTM" time="374.640" classname="tv.hooq.web.scripts.HOOQ_Subscription_PayTM"/>
  <testcase name="HOOQ_Subscription_PayTM" time="492.071" classname="tv.hooq.web.scripts.HOOQ_Subscription_PayTM"/>
</testsuite> <!-- tv.hooq.web.scripts.HOOQ_Subscription_PayTM -->
