<?xml version="1.0" encoding="UTF-8"?>
<!-- Generated by org.testng.reporters.JUnitReportReporter -->
<testsuite hostname="CTLINDT-0119" name="tv.hooq.web.scripts.HOOQ_Settings" tests="3" failures="0" timestamp="12 Apr 2017 03:33:49 GMT" time="393.368" errors="0">
  <testcase name="HOOQ_Settings" time="129.032" classname="tv.hooq.web.scripts.HOOQ_Settings"/>
  <testcase name="HOOQ_Settings" time="115.055" classname="tv.hooq.web.scripts.HOOQ_Settings"/>
  <testcase name="HOOQ_Settings" time="149.281" classname="tv.hooq.web.scripts.HOOQ_Settings"/>
</testsuite> <!-- tv.hooq.web.scripts.HOOQ_Settings -->
