<?xml version="1.0" encoding="UTF-8"?>
<!-- Generated by org.testng.reporters.JUnitReportReporter -->
<testsuite hostname="CTLINDT-0119" name="tv.hooq.web.scripts.HOOQ_Subscription_CheckingPaymentPlan" tests="3" failures="0" timestamp="12 Apr 2017 03:33:44 GMT" time="378.811" errors="0">
  <testcase name="HOOQ_Subscription_CheckingPaymentPlan" time="203.042" classname="tv.hooq.web.scripts.HOOQ_Subscription_CheckingPaymentPlan"/>
  <testcase name="HOOQ_Subscription_CheckingPaymentPlan" time="97.298" classname="tv.hooq.web.scripts.HOOQ_Subscription_CheckingPaymentPlan"/>
  <testcase name="HOOQ_Subscription_CheckingPaymentPlan" time="78.471" classname="tv.hooq.web.scripts.HOOQ_Subscription_CheckingPaymentPlan"/>
</testsuite> <!-- tv.hooq.web.scripts.HOOQ_Subscription_CheckingPaymentPlan -->
