<?xml version="1.0" encoding="UTF-8"?>
<!-- Generated by org.testng.reporters.JUnitReportReporter -->
<testsuite hostname="CTLINDT-0119" name="tv.hooq.web.scripts.HOOQ_Player_Settings_ActiveUserAttemptingVideoPlayback" tests="1" failures="0" timestamp="12 Apr 2017 03:33:49 GMT" time="88.596" errors="0">
  <testcase name="HOOQ_Player_Settings_ActiveUserAttemptingVideoPlayback" time="88.596" classname="tv.hooq.web.scripts.HOOQ_Player_Settings_ActiveUserAttemptingVideoPlayback"/>
</testsuite> <!-- tv.hooq.web.scripts.HOOQ_Player_Settings_ActiveUserAttemptingVideoPlayback -->
