<?xml version="1.0" encoding="UTF-8"?>
<!-- Generated by org.testng.reporters.JUnitReportReporter -->
<testsuite hostname="CTLINDT-0119" name="tv.hooq.web.scripts.HOOQ_Subscription_CashCard" tests="3" failures="0" timestamp="12 Apr 2017 03:33:47 GMT" time="989.609" errors="0">
  <testcase name="HOOQ_Subscription_CashCard" time="273.673" classname="tv.hooq.web.scripts.HOOQ_Subscription_CashCard"/>
  <testcase name="HOOQ_Subscription_CashCard" time="321.847" classname="tv.hooq.web.scripts.HOOQ_Subscription_CashCard"/>
  <testcase name="HOOQ_Subscription_CashCard" time="394.089" classname="tv.hooq.web.scripts.HOOQ_Subscription_CashCard"/>
</testsuite> <!-- tv.hooq.web.scripts.HOOQ_Subscription_CashCard -->
