<?xml version="1.0" encoding="UTF-8"?>
<!-- Generated by org.testng.reporters.JUnitReportReporter -->
<testsuite hostname="CTLINDT-0119" name="tv.hooq.web.scripts.HOOQ_Support_BeforeLogin" tests="1" failures="0" timestamp="12 Apr 2017 03:33:49 GMT" time="129.260" errors="0">
  <testcase name="HOOQ_Support_BeforeLogin" time="129.260" classname="tv.hooq.web.scripts.HOOQ_Support_BeforeLogin"/>
</testsuite> <!-- tv.hooq.web.scripts.HOOQ_Support_BeforeLogin -->
