<?xml version="1.0" encoding="UTF-8"?>
<!-- Generated by org.testng.reporters.JUnitReportReporter -->
<testsuite hostname="CTLINDT-0119" name="tv.hooq.web.scripts.HOOQ_Web_Subscription_CashCard" tests="3" failures="0" timestamp="17 Apr 2017 22:11:46 GMT" time="1138.017" errors="0">
  <testcase name="HOOQ_Web_Subscription_CashCard" time="500.788" classname="tv.hooq.web.scripts.HOOQ_Web_Subscription_CashCard"/>
  <testcase name="HOOQ_Web_Subscription_CashCard" time="301.746" classname="tv.hooq.web.scripts.HOOQ_Web_Subscription_CashCard"/>
  <testcase name="HOOQ_Web_Subscription_CashCard" time="335.483" classname="tv.hooq.web.scripts.HOOQ_Web_Subscription_CashCard"/>
</testsuite> <!-- tv.hooq.web.scripts.HOOQ_Web_Subscription_CashCard -->
