<?xml version="1.0" encoding="UTF-8"?>
<!-- Generated by org.testng.reporters.JUnitReportReporter -->
<testsuite hostname="CTLINDT-0119" name="tv.hooq.web.scripts.HOOQ_FaceBookLogin" tests="1" failures="0" timestamp="12 Apr 2017 03:33:45 GMT" time="14.716" errors="0">
  <testcase name="HOOQ_FaceBookLogin" time="14.716" classname="tv.hooq.web.scripts.HOOQ_FaceBookLogin"/>
</testsuite> <!-- tv.hooq.web.scripts.HOOQ_FaceBookLogin -->
