<?xml version="1.0" encoding="UTF-8"?>
<!-- Generated by org.testng.reporters.JUnitReportReporter -->
<testsuite hostname="CTLINDT-0119" name="tv.hooq.web.scripts.HOOQ_Web_TVOD_Find_Duplicate_Collection_Browse" tests="4" failures="0" timestamp="17 Apr 2017 22:11:46 GMT" time="6085.282" errors="0">
  <testcase name="HOOQ_Web_TVOD_Find_Duplicate_Collection_Browse" time="1508.064" classname="tv.hooq.web.scripts.HOOQ_Web_TVOD_Find_Duplicate_Collection_Browse"/>
  <testcase name="HOOQ_Web_TVOD_Find_Duplicate_Collection_Browse" time="1410.706" classname="tv.hooq.web.scripts.HOOQ_Web_TVOD_Find_Duplicate_Collection_Browse"/>
  <testcase name="HOOQ_Web_TVOD_Find_Duplicate_Collection_Browse" time="1713.132" classname="tv.hooq.web.scripts.HOOQ_Web_TVOD_Find_Duplicate_Collection_Browse"/>
  <testcase name="HOOQ_Web_TVOD_Find_Duplicate_Collection_Browse" time="1453.380" classname="tv.hooq.web.scripts.HOOQ_Web_TVOD_Find_Duplicate_Collection_Browse"/>
</testsuite> <!-- tv.hooq.web.scripts.HOOQ_Web_TVOD_Find_Duplicate_Collection_Browse -->
