<?xml version="1.0" encoding="UTF-8"?>
<!-- Generated by org.testng.reporters.JUnitReportReporter -->
<testsuite hostname="CTLINDT-0119" name="tv.hooq.web.scripts.HOOQ_Login_Email_Login" tests="13" failures="0" timestamp="12 Apr 2017 03:33:46 GMT" time="177.025" errors="0">
  <testcase name="HOOQ_Login_Email_Login" time="12.607" classname="tv.hooq.web.scripts.HOOQ_Login_Email_Login"/>
  <testcase name="HOOQ_Login_Email_Login" time="9.868" classname="tv.hooq.web.scripts.HOOQ_Login_Email_Login"/>
  <testcase name="HOOQ_Login_Email_Login" time="13.177" classname="tv.hooq.web.scripts.HOOQ_Login_Email_Login"/>
  <testcase name="HOOQ_Login_Email_Login" time="10.602" classname="tv.hooq.web.scripts.HOOQ_Login_Email_Login"/>
  <testcase name="HOOQ_Login_Email_Login" time="10.138" classname="tv.hooq.web.scripts.HOOQ_Login_Email_Login"/>
  <testcase name="HOOQ_Login_Email_Login" time="32.005" classname="tv.hooq.web.scripts.HOOQ_Login_Email_Login"/>
  <testcase name="HOOQ_Login_Email_Login" time="14.804" classname="tv.hooq.web.scripts.HOOQ_Login_Email_Login"/>
  <testcase name="HOOQ_Login_Email_Login" time="10.475" classname="tv.hooq.web.scripts.HOOQ_Login_Email_Login"/>
  <testcase name="HOOQ_Login_Email_Login" time="13.570" classname="tv.hooq.web.scripts.HOOQ_Login_Email_Login"/>
  <testcase name="HOOQ_Login_Email_Login" time="12.322" classname="tv.hooq.web.scripts.HOOQ_Login_Email_Login"/>
  <testcase name="HOOQ_Login_Email_Login" time="10.600" classname="tv.hooq.web.scripts.HOOQ_Login_Email_Login"/>
  <testcase name="HOOQ_Login_Email_Login" time="10.453" classname="tv.hooq.web.scripts.HOOQ_Login_Email_Login"/>
  <testcase name="HOOQ_Login_Email_Login" time="16.404" classname="tv.hooq.web.scripts.HOOQ_Login_Email_Login"/>
</testsuite> <!-- tv.hooq.web.scripts.HOOQ_Login_Email_Login -->
