<?xml version="1.0" encoding="UTF-8"?>
<!-- Generated by org.testng.reporters.JUnitReportReporter -->
<testsuite hostname="CTLINDT-0119" name="tv.hooq.web.scripts.HOOQ_Web_Support_BeforeLogin" tests="1" failures="0" timestamp="2 May 2017 03:39:41 GMT" time="141.528" errors="0">
  <testcase name="HOOQ_Web_Support_BeforeLogin" time="141.528" classname="tv.hooq.web.scripts.HOOQ_Web_Support_BeforeLogin"/>
</testsuite> <!-- tv.hooq.web.scripts.HOOQ_Web_Support_BeforeLogin -->
