<?xml version="1.0" encoding="UTF-8"?>
<!-- Generated by org.testng.reporters.JUnitReportReporter -->
<testsuite hostname="CTLINDT-0119" name="tv.hooq.web.scripts.HOOQ_Subscription_CarrierBilling" tests="3" failures="0" timestamp="12 Apr 2017 03:33:45 GMT" time="595.677" errors="0">
  <testcase name="HOOQ_Subscription_CarrierBilling" time="159.194" classname="tv.hooq.web.scripts.HOOQ_Subscription_CarrierBilling"/>
  <testcase name="HOOQ_Subscription_CarrierBilling" time="239.922" classname="tv.hooq.web.scripts.HOOQ_Subscription_CarrierBilling"/>
  <testcase name="HOOQ_Subscription_CarrierBilling" time="196.561" classname="tv.hooq.web.scripts.HOOQ_Subscription_CarrierBilling"/>
</testsuite> <!-- tv.hooq.web.scripts.HOOQ_Subscription_CarrierBilling -->
