<?xml version="1.0" encoding="UTF-8"?>
<!-- Generated by org.testng.reporters.JUnitReportReporter -->
<testsuite hostname="CTLINDT-0119" name="tv.hooq.web.scripts.HOOQ_Web_Subscription_CarrierBilling" tests="3" failures="0" timestamp="17 Apr 2017 22:11:46 GMT" time="547.063" errors="0">
  <testcase name="HOOQ_Web_Subscription_CarrierBilling" time="135.953" classname="tv.hooq.web.scripts.HOOQ_Web_Subscription_CarrierBilling"/>
  <testcase name="HOOQ_Web_Subscription_CarrierBilling" time="230.184" classname="tv.hooq.web.scripts.HOOQ_Web_Subscription_CarrierBilling"/>
  <testcase name="HOOQ_Web_Subscription_CarrierBilling" time="180.926" classname="tv.hooq.web.scripts.HOOQ_Web_Subscription_CarrierBilling"/>
</testsuite> <!-- tv.hooq.web.scripts.HOOQ_Web_Subscription_CarrierBilling -->
