<?xml version="1.0" encoding="UTF-8"?>
<!-- Generated by org.testng.reporters.JUnitReportReporter -->
<testsuite hostname="CTLINDT-0119" name="tv.hooq.web.scripts.HOOQ_Web_Subscription_CheckingPaymentPlan" tests="3" failures="0" timestamp="17 Apr 2017 22:11:46 GMT" time="509.629" errors="0">
  <testcase name="HOOQ_Web_Subscription_CheckingPaymentPlan" time="108.339" classname="tv.hooq.web.scripts.HOOQ_Web_Subscription_CheckingPaymentPlan"/>
  <testcase name="HOOQ_Web_Subscription_CheckingPaymentPlan" time="86.953" classname="tv.hooq.web.scripts.HOOQ_Web_Subscription_CheckingPaymentPlan"/>
  <testcase name="HOOQ_Web_Subscription_CheckingPaymentPlan" time="314.337" classname="tv.hooq.web.scripts.HOOQ_Web_Subscription_CheckingPaymentPlan"/>
</testsuite> <!-- tv.hooq.web.scripts.HOOQ_Web_Subscription_CheckingPaymentPlan -->
