<?xml version="1.0" encoding="UTF-8"?>
<!-- Generated by org.testng.reporters.JUnitReportReporter -->
<testsuite hostname="CTLINDT-0119" name="tv.hooq.web.scripts.HOOQ_Subscription_DebitCard" tests="3" failures="0" timestamp="12 Apr 2017 03:33:48 GMT" time="720.506" errors="0">
  <testcase name="HOOQ_Subscription_DebitCard" time="215.657" classname="tv.hooq.web.scripts.HOOQ_Subscription_DebitCard"/>
  <testcase name="HOOQ_Subscription_DebitCard" time="201.757" classname="tv.hooq.web.scripts.HOOQ_Subscription_DebitCard"/>
  <testcase name="HOOQ_Subscription_DebitCard" time="303.092" classname="tv.hooq.web.scripts.HOOQ_Subscription_DebitCard"/>
</testsuite> <!-- tv.hooq.web.scripts.HOOQ_Subscription_DebitCard -->
