<?xml version="1.0" encoding="UTF-8"?>
<!-- Generated by org.testng.reporters.JUnitReportReporter -->
<testsuite hostname="CTLINDT-0119" name="tv.hooq.web.scripts.HOOQ_Web_Login_Email_InvalidMobile_No" tests="1" failures="0" timestamp="2 May 2017 03:39:41 GMT" time="17.282" errors="0">
  <testcase name="HOOQ_Web_Login_Email_InvalidMobile_No" time="17.282" classname="tv.hooq.web.scripts.HOOQ_Web_Login_Email_InvalidMobile_No"/>
</testsuite> <!-- tv.hooq.web.scripts.HOOQ_Web_Login_Email_InvalidMobile_No -->
