<?xml version="1.0" encoding="UTF-8"?>
<!-- Generated by org.testng.reporters.JUnitReportReporter -->
<testsuite hostname="CTLINDT-0119" name="tv.hooq.web.scripts.HOOQ_Web_FaceBookLogin" tests="1" failures="0" timestamp="2 May 2017 03:39:41 GMT" time="23.843" errors="0">
  <testcase name="HOOQ_Web_FaceBookLogin" time="23.843" classname="tv.hooq.web.scripts.HOOQ_Web_FaceBookLogin"/>
</testsuite> <!-- tv.hooq.web.scripts.HOOQ_Web_FaceBookLogin -->
