<?xml version="1.0" encoding="UTF-8"?>
<!-- Generated by org.testng.reporters.JUnitReportReporter -->
<testsuite hostname="CTLINDT-0119" name="tv.hooq.web.scripts.Hooq_Subscription_VOUCHER_CODE_REDEMPTION" tests="3" failures="0" timestamp="12 Apr 2017 03:33:48 GMT" time="139.841" errors="0">
  <testcase name="Hooq_Subscription_VOUCHER_CODE_REDEMPTION" time="36.052" classname="tv.hooq.web.scripts.Hooq_Subscription_VOUCHER_CODE_REDEMPTION"/>
  <testcase name="Hooq_Subscription_VOUCHER_CODE_REDEMPTION" time="37.207" classname="tv.hooq.web.scripts.Hooq_Subscription_VOUCHER_CODE_REDEMPTION"/>
  <testcase name="Hooq_Subscription_VOUCHER_CODE_REDEMPTION" time="66.582" classname="tv.hooq.web.scripts.Hooq_Subscription_VOUCHER_CODE_REDEMPTION"/>
</testsuite> <!-- tv.hooq.web.scripts.Hooq_Subscription_VOUCHER_CODE_REDEMPTION -->
