<?xml version="1.0" encoding="UTF-8"?>
<!-- Generated by org.testng.reporters.JUnitReportReporter -->
<testsuite hostname="CTLINDT-0119" name="tv.hooq.web.scripts.HOOQ_Home_Page_VerifyBanner" tests="4" failures="0" timestamp="12 Apr 2017 03:33:45 GMT" time="179.003" errors="0">
  <testcase name="HOOQ_Home_Page_VerifyBanner" time="23.454" classname="tv.hooq.web.scripts.HOOQ_Home_Page_VerifyBanner"/>
  <testcase name="HOOQ_Home_Page_VerifyBanner" time="61.279" classname="tv.hooq.web.scripts.HOOQ_Home_Page_VerifyBanner"/>
  <testcase name="HOOQ_Home_Page_VerifyBanner" time="37.001" classname="tv.hooq.web.scripts.HOOQ_Home_Page_VerifyBanner"/>
  <testcase name="HOOQ_Home_Page_VerifyBanner" time="57.269" classname="tv.hooq.web.scripts.HOOQ_Home_Page_VerifyBanner"/>
</testsuite> <!-- tv.hooq.web.scripts.HOOQ_Home_Page_VerifyBanner -->
